Info: constrained 'led[7]' to bel 'X9/Y0/io1'
Info: constrained 'led[6]' to bel 'X6/Y0/io0'
Info: constrained 'led[5]' to bel 'X5/Y0/io0'
Info: constrained 'led[4]' to bel 'X6/Y31/io0'
Info: constrained 'led[3]' to bel 'X5/Y31/io0'
Info: constrained 'led[2]' to bel 'X19/Y0/io1'
Info: constrained 'led[1]' to bel 'X4/Y31/io0'
Info: constrained 'led[0]' to bel 'X13/Y0/io0'

Info: Packing constants..
Info: Packing IOs..
Info: Packing LUT-FFs..
Info:     1826 LCs used as LUT4 only
Info:      218 LCs used as LUT4 and DFF
Info: Packing non-LUT FFs..
Info:      471 LCs used as DFF only
Info: Packing carries..
Info:       36 LCs used as CARRY only
Info: Packing RAMs..
Info: Placing PLLs..
Info: Packing special functions..
Info:   constrained ICESTORM_HFOSC 'OSCInst0_OSC' to X0/Y31/hfosc_1
Info:     Derived frequency constraint of 6.0 MHz for net clk
Info: Packing PLLs..
Info: Promoting globals..
Info: promoting clk_proc (fanout 621)
Info: promoting data_mem_inst.memread_SB_LUT4_I3_O[1] [cen] (fanout 49)
Info: promoting data_mem_inst.state_SB_LUT4_I2_1_O [cen] (fanout 32)
Info: Constraining chains...
Info:        2 LCs used to legalise carry chains.
Info: Checksum: 0x3a9ca96c

Info: Annotating ports with timing budgets for target frequency 12.00 MHz
Info: Checksum: 0x33fe2fa5

Info: Device utilisation:
Info: 	         ICESTORM_LC:  2555/ 5280    48%
Info: 	        ICESTORM_RAM:    20/   30    66%
Info: 	               SB_IO:     8/   96     8%
Info: 	               SB_GB:     4/    8    50%
Info: 	        ICESTORM_PLL:     0/    1     0%
Info: 	         SB_WARMBOOT:     0/    1     0%
Info: 	        ICESTORM_DSP:     0/    8     0%
Info: 	      ICESTORM_HFOSC:     1/    1   100%
Info: 	      ICESTORM_LFOSC:     0/    1     0%
Info: 	              SB_I2C:     0/    2     0%
Info: 	              SB_SPI:     0/    2     0%
Info: 	              IO_I3C:     0/    2     0%
Info: 	         SB_LEDDA_IP:     0/    1     0%
Info: 	         SB_RGBA_DRV:     0/    1     0%
Info: 	      ICESTORM_SPRAM:     0/    4     0%

Info: Placed 10 cells based on constraints.
Info: Creating initial analytic placement for 2389 cells, random placement wirelen = 60920.
Info:     at initial placer iter 0, wirelen = 600
Info:     at initial placer iter 1, wirelen = 751
Info:     at initial placer iter 2, wirelen = 870
Info:     at initial placer iter 3, wirelen = 860
Info: Running main analytical placer.
Info:     at iteration #1, type ALL: wirelen solved = 888, spread = 18287, legal = 19262; time = 0.11s
Info:     at iteration #2, type ALL: wirelen solved = 716, spread = 16706, legal = 18055; time = 0.12s
Info:     at iteration #3, type ALL: wirelen solved = 1206, spread = 16720, legal = 18022; time = 0.12s
Info:     at iteration #4, type ALL: wirelen solved = 1678, spread = 16426, legal = 18314; time = 0.13s
Info:     at iteration #5, type ALL: wirelen solved = 2322, spread = 15821, legal = 17098; time = 0.12s
Info:     at iteration #6, type ALL: wirelen solved = 2942, spread = 15830, legal = 16876; time = 0.11s
Info:     at iteration #7, type ALL: wirelen solved = 3722, spread = 15147, legal = 16658; time = 0.12s
Info:     at iteration #8, type ALL: wirelen solved = 4318, spread = 15120, legal = 16095; time = 0.11s
Info:     at iteration #9, type ALL: wirelen solved = 4897, spread = 14706, legal = 15656; time = 0.11s
Info:     at iteration #10, type ALL: wirelen solved = 5187, spread = 14203, legal = 16377; time = 0.11s
Info:     at iteration #11, type ALL: wirelen solved = 5529, spread = 14219, legal = 16071; time = 0.11s
Info:     at iteration #12, type ALL: wirelen solved = 5741, spread = 14575, legal = 15533; time = 0.12s
Info:     at iteration #13, type ALL: wirelen solved = 6131, spread = 14438, legal = 16122; time = 0.11s
Info:     at iteration #14, type ALL: wirelen solved = 6319, spread = 14801, legal = 15775; time = 0.11s
Info:     at iteration #15, type ALL: wirelen solved = 6613, spread = 14634, legal = 15095; time = 0.11s
Info:     at iteration #16, type ALL: wirelen solved = 6916, spread = 13857, legal = 15413; time = 0.12s
Info:     at iteration #17, type ALL: wirelen solved = 7025, spread = 14370, legal = 15802; time = 0.12s
Info:     at iteration #18, type ALL: wirelen solved = 7338, spread = 13981, legal = 15074; time = 0.12s
Info:     at iteration #19, type ALL: wirelen solved = 7346, spread = 13698, legal = 15175; time = 0.11s
Info:     at iteration #20, type ALL: wirelen solved = 7500, spread = 13374, legal = 14498; time = 0.11s
Info:     at iteration #21, type ALL: wirelen solved = 7467, spread = 13743, legal = 14289; time = 0.11s
Info:     at iteration #22, type ALL: wirelen solved = 7584, spread = 13055, legal = 14684; time = 0.11s
Info:     at iteration #23, type ALL: wirelen solved = 7661, spread = 13076, legal = 14473; time = 0.11s
Info:     at iteration #24, type ALL: wirelen solved = 7754, spread = 13511, legal = 14881; time = 0.11s
Info:     at iteration #25, type ALL: wirelen solved = 8060, spread = 13236, legal = 13875; time = 0.11s
Info:     at iteration #26, type ALL: wirelen solved = 8048, spread = 12864, legal = 14723; time = 0.12s
Info:     at iteration #27, type ALL: wirelen solved = 7997, spread = 12883, legal = 14114; time = 0.11s
Info:     at iteration #28, type ALL: wirelen solved = 8174, spread = 13101, legal = 14537; time = 0.11s
Info:     at iteration #29, type ALL: wirelen solved = 8225, spread = 13499, legal = 14669; time = 0.11s
Info:     at iteration #30, type ALL: wirelen solved = 8714, spread = 13687, legal = 15009; time = 0.11s
Info: HeAP Placer Time: 4.53s
Info:   of which solving equations: 3.01s
Info:   of which spreading cells: 0.38s
Info:   of which strict legalisation: 0.23s

Info: Running simulated annealing placer for refinement.
Info:   at iteration #1: temp = 0.000000, timing cost = 9088, wirelen = 13875
Info:   at iteration #5: temp = 0.000000, timing cost = 7971, wirelen = 11890
Info:   at iteration #10: temp = 0.000000, timing cost = 7770, wirelen = 11473
Info:   at iteration #15: temp = 0.000000, timing cost = 7677, wirelen = 11167
Info:   at iteration #20: temp = 0.000000, timing cost = 7659, wirelen = 11034
Info:   at iteration #24: temp = 0.000000, timing cost = 7652, wirelen = 11012 
Info: SA placement time 4.76s

Info: Max frequency for clock               'clk': 14.31 MHz (PASS at 6.00 MHz)
Info: Max frequency for clock 'clk_proc_$glb_clk': 13.07 MHz (PASS at 12.00 MHz)

Info: Max delay posedge clk               -> <async>                  : 6.91 ns
Info: Max delay posedge clk               -> posedge clk_proc_$glb_clk: 65.60 ns
Info: Max delay posedge clk_proc_$glb_clk -> posedge clk              : 80.78 ns

Info: Slack histogram:
Info:  legend: * represents 6 endpoint(s)
Info:          + represents [1,6) endpoint(s)
Info: [  6819,  14649) |+
Info: [ 14649,  22479) |*+
Info: [ 22479,  30309) |***+
Info: [ 30309,  38139) |***+
Info: [ 38139,  45969) |***+
Info: [ 45969,  53799) |***************************+
Info: [ 53799,  61629) |**************+
Info: [ 61629,  69459) |************************************************************ 
Info: [ 69459,  77289) |*************************************************+
Info: [ 77289,  85119) |*******************************************************+
Info: [ 85119,  92949) |*+
Info: [ 92949, 100779) |*+
Info: [100779, 108609) |+
Info: [108609, 116439) |*+
Info: [116439, 124269) |*+
Info: [124269, 132099) | 
Info: [132099, 139929) |*+
Info: [139929, 147759) |****+
Info: [147759, 155589) |*********************************+
Info: [155589, 163419) |*******************************+
Info: Checksum: 0x51a5512e

Info: Routing..
Info: Setting up routing queue.
Info: Routing 7945 arcs.
Info:            |   (re-)routed arcs  |   delta    | remaining|       time spent     |
Info:    IterCnt |  w/ripup   wo/ripup |  w/r  wo/r |      arcs| batch(sec) total(sec)|
Info:       1000 |       46        849 |   46   849 |      6999|       0.18       0.18|
Info:       2000 |      160       1675 |  114   826 |      6136|       0.25       0.43|
Info:       3000 |      340       2495 |  180   820 |      5357|       0.22       0.65|
Info:       4000 |      613       3222 |  273   727 |      4688|       0.38       1.04|
Info:       5000 |      841       3994 |  228   772 |      3983|       0.67       1.70|
Info:       6000 |     1055       4780 |  214   786 |      3288|       0.59       2.30|
Info:       7000 |     1225       5610 |  170   830 |      2559|       0.46       2.76|
Info:       8000 |     1436       6399 |  211   789 |      1877|       0.56       3.32|
Info:       9000 |     1793       7042 |  357   643 |      1434|       0.76       4.07|
Info:      10000 |     2223       7612 |  430   570 |      1143|       0.89       4.97|
Info:      11000 |     2678       8157 |  455   545 |       944|       1.02       5.99|
Info:      12000 |     3084       8751 |  406   594 |       599|       0.86       6.85|
Info:      13000 |     3468       9367 |  384   616 |       388|       0.93       7.77|
Info:      13886 |     3716      10006 |  248   639 |         0|       1.28       9.05|
Info: Routing complete.
Info: Router1 time 9.05s
Info: Checksum: 0x87ae4daa

Info: Critical path report for clock 'clk' (posedge -> posedge):
Info: curr total
Info:  1.4  1.4  Source data_mem_inst.read_buf_SB_LUT4_O_29_LC.O
Info:  3.6  5.0    Net data_out[2] budget 0.000000 ns (4,9) -> (8,3)
Info:                Sink processor.dataMemOut_fwd_mux.out_SB_LUT4_O_29_LC.I2
Info:  1.2  6.2  Source processor.dataMemOut_fwd_mux.out_SB_LUT4_O_29_LC.O
Info:  1.8  8.0    Net processor.dataMemOut_fwd_mux_out[2] budget 0.000000 ns (8,3) -> (8,3)
Info:                Sink processor.mem_fwd2_mux.out_SB_LUT4_O_29_LC.I2
Info:  1.2  9.2  Source processor.mem_fwd2_mux.out_SB_LUT4_O_29_LC.O
Info:  1.8 10.9    Net processor.mem_fwd2_mux_out[2] budget 0.000000 ns (8,3) -> (8,3)
Info:                Sink processor.wb_fwd2_mux.out_SB_LUT4_O_29_LC.I1
Info:  1.2 12.2  Source processor.wb_fwd2_mux.out_SB_LUT4_O_29_LC.O
Info:  4.8 16.9    Net data_WrData[2] budget 0.000000 ns (8,3) -> (15,14)
Info:                Sink processor.alu_mux.out_SB_LUT4_O_29_LC.I1
Info:  1.2 18.2  Source processor.alu_mux.out_SB_LUT4_O_29_LC.O
Info:  4.1 22.3    Net processor.alu_mux_out[2] budget 0.000000 ns (15,14) -> (9,9)
Info:                Sink processor.alu_main.ALUOut_SB_LUT4_O_12_I0_SB_LUT4_O_I1_SB_LUT4_O_I2_SB_LUT4_O_29_LC.I3
Info:  0.9 23.2  Source processor.alu_main.ALUOut_SB_LUT4_O_12_I0_SB_LUT4_O_I1_SB_LUT4_O_I2_SB_LUT4_O_29_LC.O
Info:  1.8 25.0    Net processor.alu_main.ALUOut_SB_LUT4_O_12_I0_SB_LUT4_O_I1_SB_LUT4_O_I2[2] budget 0.000000 ns (9,9) -> (10,8)
Info:                Sink processor.alu_main.Branch_Enable_SB_LUT4_O_I0_SB_LUT4_O_2_I2_SB_LUT4_O_I1_SB_LUT4_O_I3_SB_CARRY_CO_8$CARRY.I2
Info:  0.6 25.6  Source processor.alu_main.Branch_Enable_SB_LUT4_O_I0_SB_LUT4_O_2_I2_SB_LUT4_O_I1_SB_LUT4_O_I3_SB_CARRY_CO_8$CARRY.COUT
Info:  0.0 25.6    Net processor.alu_main.Branch_Enable_SB_LUT4_O_I0_SB_LUT4_O_2_I2_SB_LUT4_O_I1_SB_LUT4_O_I0[2] budget 0.000000 ns (10,8) -> (10,8)
Info:                Sink processor.alu_main.Branch_Enable_SB_LUT4_O_I0_SB_LUT4_O_2_I2_SB_LUT4_O_I1_SB_LUT4_O_I3_SB_CARRY_CO_6$CARRY.CIN
Info:  0.3 25.8  Source processor.alu_main.Branch_Enable_SB_LUT4_O_I0_SB_LUT4_O_2_I2_SB_LUT4_O_I1_SB_LUT4_O_I3_SB_CARRY_CO_6$CARRY.COUT
Info:  0.0 25.8    Net processor.alu_main.Branch_Enable_SB_LUT4_O_I0_SB_LUT4_O_2_I2_SB_LUT4_O_I1_SB_LUT4_O_I0[3] budget 0.000000 ns (10,8) -> (10,8)
Info:                Sink processor.alu_main.Branch_Enable_SB_LUT4_O_I0_SB_LUT4_O_2_I2_SB_LUT4_O_I1_SB_LUT4_O_I3_SB_CARRY_CO_5$CARRY.CIN
Info:  0.3 26.1  Source processor.alu_main.Branch_Enable_SB_LUT4_O_I0_SB_LUT4_O_2_I2_SB_LUT4_O_I1_SB_LUT4_O_I3_SB_CARRY_CO_5$CARRY.COUT
Info:  0.0 26.1    Net processor.alu_main.Branch_Enable_SB_LUT4_O_I0_SB_LUT4_O_2_I2_SB_LUT4_O_I1_SB_LUT4_O_I0[4] budget 0.000000 ns (10,8) -> (10,8)
Info:                Sink processor.alu_main.Branch_Enable_SB_LUT4_O_I0_SB_LUT4_O_2_I2_SB_LUT4_O_I1_SB_LUT4_O_I3_SB_CARRY_CO_4$CARRY.CIN
Info:  0.3 26.4  Source processor.alu_main.Branch_Enable_SB_LUT4_O_I0_SB_LUT4_O_2_I2_SB_LUT4_O_I1_SB_LUT4_O_I3_SB_CARRY_CO_4$CARRY.COUT
Info:  0.0 26.4    Net processor.alu_main.Branch_Enable_SB_LUT4_O_I0_SB_LUT4_O_2_I2_SB_LUT4_O_I1_SB_LUT4_O_I0[5] budget 0.000000 ns (10,8) -> (10,8)
Info:                Sink processor.alu_main.Branch_Enable_SB_LUT4_O_I0_SB_LUT4_O_2_I2_SB_LUT4_O_I1_SB_LUT4_O_I3_SB_CARRY_CO_3$CARRY.CIN
Info:  0.3 26.7  Source processor.alu_main.Branch_Enable_SB_LUT4_O_I0_SB_LUT4_O_2_I2_SB_LUT4_O_I1_SB_LUT4_O_I3_SB_CARRY_CO_3$CARRY.COUT
Info:  0.0 26.7    Net processor.alu_main.Branch_Enable_SB_LUT4_O_I0_SB_LUT4_O_2_I2_SB_LUT4_O_I1_SB_LUT4_O_I0[6] budget 0.000000 ns (10,8) -> (10,8)
Info:                Sink processor.alu_main.Branch_Enable_SB_LUT4_O_I0_SB_LUT4_O_2_I2_SB_LUT4_O_I1_SB_LUT4_O_I3_SB_CARRY_CO_2$CARRY.CIN
Info:  0.3 27.0  Source processor.alu_main.Branch_Enable_SB_LUT4_O_I0_SB_LUT4_O_2_I2_SB_LUT4_O_I1_SB_LUT4_O_I3_SB_CARRY_CO_2$CARRY.COUT
Info:  0.6 27.5    Net processor.alu_main.Branch_Enable_SB_LUT4_O_I0_SB_LUT4_O_2_I2_SB_LUT4_O_I1_SB_LUT4_O_I0[7] budget 0.560000 ns (10,8) -> (10,9)
Info:                Sink processor.alu_main.Branch_Enable_SB_LUT4_O_I0_SB_LUT4_O_2_I2_SB_LUT4_O_I1_SB_LUT4_O_I3_SB_CARRY_CO_1$CARRY.CIN
Info:  0.3 27.8  Source processor.alu_main.Branch_Enable_SB_LUT4_O_I0_SB_LUT4_O_2_I2_SB_LUT4_O_I1_SB_LUT4_O_I3_SB_CARRY_CO_1$CARRY.COUT
Info:  0.0 27.8    Net processor.alu_main.Branch_Enable_SB_LUT4_O_I0_SB_LUT4_O_2_I2_SB_LUT4_O_I1_SB_LUT4_O_I0[8] budget 0.000000 ns (10,9) -> (10,9)
Info:                Sink processor.alu_main.Branch_Enable_SB_LUT4_O_I0_SB_LUT4_O_2_I2_SB_LUT4_O_I1_SB_LUT4_O_I3_SB_CARRY_CO$CARRY.CIN
Info:  0.3 28.1  Source processor.alu_main.Branch_Enable_SB_LUT4_O_I0_SB_LUT4_O_2_I2_SB_LUT4_O_I1_SB_LUT4_O_I3_SB_CARRY_CO$CARRY.COUT
Info:  0.0 28.1    Net processor.alu_main.Branch_Enable_SB_LUT4_O_I0_SB_LUT4_O_2_I2_SB_LUT4_O_I1_SB_LUT4_O_I0[9] budget 0.000000 ns (10,9) -> (10,9)
Info:                Sink processor.alu_main.Branch_Enable_SB_LUT4_O_I0_SB_LUT4_O_2_I2_SB_LUT4_O_I1_SB_LUT4_O_I3_SB_CARRY_CO_29$CARRY.CIN
Info:  0.3 28.3  Source processor.alu_main.Branch_Enable_SB_LUT4_O_I0_SB_LUT4_O_2_I2_SB_LUT4_O_I1_SB_LUT4_O_I3_SB_CARRY_CO_29$CARRY.COUT
Info:  0.0 28.3    Net processor.alu_main.Branch_Enable_SB_LUT4_O_I0_SB_LUT4_O_2_I2_SB_LUT4_O_I1_SB_LUT4_O_I0[10] budget 0.000000 ns (10,9) -> (10,9)
Info:                Sink processor.alu_main.Branch_Enable_SB_LUT4_O_I0_SB_LUT4_O_2_I2_SB_LUT4_O_I1_SB_LUT4_O_I3_SB_CARRY_CO_28$CARRY.CIN
Info:  0.3 28.6  Source processor.alu_main.Branch_Enable_SB_LUT4_O_I0_SB_LUT4_O_2_I2_SB_LUT4_O_I1_SB_LUT4_O_I3_SB_CARRY_CO_28$CARRY.COUT
Info:  0.0 28.6    Net processor.alu_main.Branch_Enable_SB_LUT4_O_I0_SB_LUT4_O_2_I2_SB_LUT4_O_I1_SB_LUT4_O_I0[11] budget 0.000000 ns (10,9) -> (10,9)
Info:                Sink processor.alu_main.Branch_Enable_SB_LUT4_O_I0_SB_LUT4_O_2_I2_SB_LUT4_O_I1_SB_LUT4_O_I3_SB_CARRY_CO_27$CARRY.CIN
Info:  0.3 28.9  Source processor.alu_main.Branch_Enable_SB_LUT4_O_I0_SB_LUT4_O_2_I2_SB_LUT4_O_I1_SB_LUT4_O_I3_SB_CARRY_CO_27$CARRY.COUT
Info:  0.0 28.9    Net processor.alu_main.Branch_Enable_SB_LUT4_O_I0_SB_LUT4_O_2_I2_SB_LUT4_O_I1_SB_LUT4_O_I0[12] budget 0.000000 ns (10,9) -> (10,9)
Info:                Sink processor.alu_main.Branch_Enable_SB_LUT4_O_I0_SB_LUT4_O_2_I2_SB_LUT4_O_I1_SB_LUT4_O_I3_SB_CARRY_CO_26$CARRY.CIN
Info:  0.3 29.2  Source processor.alu_main.Branch_Enable_SB_LUT4_O_I0_SB_LUT4_O_2_I2_SB_LUT4_O_I1_SB_LUT4_O_I3_SB_CARRY_CO_26$CARRY.COUT
Info:  0.0 29.2    Net processor.alu_main.Branch_Enable_SB_LUT4_O_I0_SB_LUT4_O_2_I2_SB_LUT4_O_I1_SB_LUT4_O_I0[13] budget 0.000000 ns (10,9) -> (10,9)
Info:                Sink processor.alu_main.Branch_Enable_SB_LUT4_O_I0_SB_LUT4_O_2_I2_SB_LUT4_O_I1_SB_LUT4_O_I3_SB_CARRY_CO_25$CARRY.CIN
Info:  0.3 29.5  Source processor.alu_main.Branch_Enable_SB_LUT4_O_I0_SB_LUT4_O_2_I2_SB_LUT4_O_I1_SB_LUT4_O_I3_SB_CARRY_CO_25$CARRY.COUT
Info:  0.0 29.5    Net processor.alu_main.Branch_Enable_SB_LUT4_O_I0_SB_LUT4_O_2_I2_SB_LUT4_O_I1_SB_LUT4_O_I0[14] budget 0.000000 ns (10,9) -> (10,9)
Info:                Sink processor.alu_main.Branch_Enable_SB_LUT4_O_I0_SB_LUT4_O_2_I2_SB_LUT4_O_I1_SB_LUT4_O_I3_SB_CARRY_CO_24$CARRY.CIN
Info:  0.3 29.7  Source processor.alu_main.Branch_Enable_SB_LUT4_O_I0_SB_LUT4_O_2_I2_SB_LUT4_O_I1_SB_LUT4_O_I3_SB_CARRY_CO_24$CARRY.COUT
Info:  0.6 30.3    Net processor.alu_main.Branch_Enable_SB_LUT4_O_I0_SB_LUT4_O_2_I2_SB_LUT4_O_I1_SB_LUT4_O_I0[15] budget 0.560000 ns (10,9) -> (10,10)
Info:                Sink processor.alu_main.Branch_Enable_SB_LUT4_O_I0_SB_LUT4_O_2_I2_SB_LUT4_O_I1_SB_LUT4_O_I3_SB_CARRY_CO_23$CARRY.CIN
Info:  0.3 30.6  Source processor.alu_main.Branch_Enable_SB_LUT4_O_I0_SB_LUT4_O_2_I2_SB_LUT4_O_I1_SB_LUT4_O_I3_SB_CARRY_CO_23$CARRY.COUT
Info:  0.0 30.6    Net processor.alu_main.Branch_Enable_SB_LUT4_O_I0_SB_LUT4_O_2_I2_SB_LUT4_O_I1_SB_LUT4_O_I0[16] budget 0.000000 ns (10,10) -> (10,10)
Info:                Sink processor.alu_main.Branch_Enable_SB_LUT4_O_I0_SB_LUT4_O_2_I2_SB_LUT4_O_I1_SB_LUT4_O_I3_SB_CARRY_CO_22$CARRY.CIN
Info:  0.3 30.8  Source processor.alu_main.Branch_Enable_SB_LUT4_O_I0_SB_LUT4_O_2_I2_SB_LUT4_O_I1_SB_LUT4_O_I3_SB_CARRY_CO_22$CARRY.COUT
Info:  0.0 30.8    Net processor.alu_main.Branch_Enable_SB_LUT4_O_I0_SB_LUT4_O_2_I2_SB_LUT4_O_I1_SB_LUT4_O_I0[17] budget 0.000000 ns (10,10) -> (10,10)
Info:                Sink processor.alu_main.Branch_Enable_SB_LUT4_O_I0_SB_LUT4_O_2_I2_SB_LUT4_O_I1_SB_LUT4_O_I3_SB_CARRY_CO_21$CARRY.CIN
Info:  0.3 31.1  Source processor.alu_main.Branch_Enable_SB_LUT4_O_I0_SB_LUT4_O_2_I2_SB_LUT4_O_I1_SB_LUT4_O_I3_SB_CARRY_CO_21$CARRY.COUT
Info:  0.0 31.1    Net processor.alu_main.Branch_Enable_SB_LUT4_O_I0_SB_LUT4_O_2_I2_SB_LUT4_O_I1_SB_LUT4_O_I0[18] budget 0.000000 ns (10,10) -> (10,10)
Info:                Sink processor.alu_main.Branch_Enable_SB_LUT4_O_I0_SB_LUT4_O_2_I2_SB_LUT4_O_I1_SB_LUT4_O_I3_SB_CARRY_CO_20$CARRY.CIN
Info:  0.3 31.4  Source processor.alu_main.Branch_Enable_SB_LUT4_O_I0_SB_LUT4_O_2_I2_SB_LUT4_O_I1_SB_LUT4_O_I3_SB_CARRY_CO_20$CARRY.COUT
Info:  0.0 31.4    Net processor.alu_main.Branch_Enable_SB_LUT4_O_I0_SB_LUT4_O_2_I2_SB_LUT4_O_I1_SB_LUT4_O_I0[19] budget 0.000000 ns (10,10) -> (10,10)
Info:                Sink processor.alu_main.Branch_Enable_SB_LUT4_O_I0_SB_LUT4_O_2_I2_SB_LUT4_O_I1_SB_LUT4_O_I3_SB_CARRY_CO_18$CARRY.CIN
Info:  0.3 31.7  Source processor.alu_main.Branch_Enable_SB_LUT4_O_I0_SB_LUT4_O_2_I2_SB_LUT4_O_I1_SB_LUT4_O_I3_SB_CARRY_CO_18$CARRY.COUT
Info:  0.0 31.7    Net processor.alu_main.Branch_Enable_SB_LUT4_O_I0_SB_LUT4_O_2_I2_SB_LUT4_O_I1_SB_LUT4_O_I0[20] budget 0.000000 ns (10,10) -> (10,10)
Info:                Sink processor.alu_main.Branch_Enable_SB_LUT4_O_I0_SB_LUT4_O_2_I2_SB_LUT4_O_I1_SB_LUT4_O_I3_SB_CARRY_CO_17$CARRY.CIN
Info:  0.3 32.0  Source processor.alu_main.Branch_Enable_SB_LUT4_O_I0_SB_LUT4_O_2_I2_SB_LUT4_O_I1_SB_LUT4_O_I3_SB_CARRY_CO_17$CARRY.COUT
Info:  0.0 32.0    Net processor.alu_main.Branch_Enable_SB_LUT4_O_I0_SB_LUT4_O_2_I2_SB_LUT4_O_I1_SB_LUT4_O_I0[21] budget 0.000000 ns (10,10) -> (10,10)
Info:                Sink processor.alu_main.Branch_Enable_SB_LUT4_O_I0_SB_LUT4_O_2_I2_SB_LUT4_O_I1_SB_LUT4_O_I3_SB_CARRY_CO_16$CARRY.CIN
Info:  0.3 32.2  Source processor.alu_main.Branch_Enable_SB_LUT4_O_I0_SB_LUT4_O_2_I2_SB_LUT4_O_I1_SB_LUT4_O_I3_SB_CARRY_CO_16$CARRY.COUT
Info:  0.0 32.2    Net processor.alu_main.Branch_Enable_SB_LUT4_O_I0_SB_LUT4_O_2_I2_SB_LUT4_O_I1_SB_LUT4_O_I0[22] budget 0.000000 ns (10,10) -> (10,10)
Info:                Sink processor.alu_main.Branch_Enable_SB_LUT4_O_I0_SB_LUT4_O_2_I2_SB_LUT4_O_I1_SB_LUT4_O_I3_SB_CARRY_CO_15$CARRY.CIN
Info:  0.3 32.5  Source processor.alu_main.Branch_Enable_SB_LUT4_O_I0_SB_LUT4_O_2_I2_SB_LUT4_O_I1_SB_LUT4_O_I3_SB_CARRY_CO_15$CARRY.COUT
Info:  0.6 33.1    Net processor.alu_main.Branch_Enable_SB_LUT4_O_I0_SB_LUT4_O_2_I2_SB_LUT4_O_I1_SB_LUT4_O_I0[23] budget 0.560000 ns (10,10) -> (10,11)
Info:                Sink processor.alu_main.Branch_Enable_SB_LUT4_O_I0_SB_LUT4_O_2_I2_SB_LUT4_O_I1_SB_LUT4_O_I3_SB_CARRY_CO_14$CARRY.CIN
Info:  0.3 33.3  Source processor.alu_main.Branch_Enable_SB_LUT4_O_I0_SB_LUT4_O_2_I2_SB_LUT4_O_I1_SB_LUT4_O_I3_SB_CARRY_CO_14$CARRY.COUT
Info:  0.0 33.3    Net processor.alu_main.Branch_Enable_SB_LUT4_O_I0_SB_LUT4_O_2_I2_SB_LUT4_O_I1_SB_LUT4_O_I0[24] budget 0.000000 ns (10,11) -> (10,11)
Info:                Sink processor.alu_main.Branch_Enable_SB_LUT4_O_I0_SB_LUT4_O_2_I2_SB_LUT4_O_I1_SB_LUT4_O_I3_SB_CARRY_CO_13$CARRY.CIN
Info:  0.3 33.6  Source processor.alu_main.Branch_Enable_SB_LUT4_O_I0_SB_LUT4_O_2_I2_SB_LUT4_O_I1_SB_LUT4_O_I3_SB_CARRY_CO_13$CARRY.COUT
Info:  0.0 33.6    Net processor.alu_main.Branch_Enable_SB_LUT4_O_I0_SB_LUT4_O_2_I2_SB_LUT4_O_I1_SB_LUT4_O_I0[25] budget 0.000000 ns (10,11) -> (10,11)
Info:                Sink processor.alu_main.Branch_Enable_SB_LUT4_O_I0_SB_LUT4_O_2_I2_SB_LUT4_O_I1_SB_LUT4_O_I3_SB_CARRY_CO_12$CARRY.CIN
Info:  0.3 33.9  Source processor.alu_main.Branch_Enable_SB_LUT4_O_I0_SB_LUT4_O_2_I2_SB_LUT4_O_I1_SB_LUT4_O_I3_SB_CARRY_CO_12$CARRY.COUT
Info:  0.0 33.9    Net processor.alu_main.Branch_Enable_SB_LUT4_O_I0_SB_LUT4_O_2_I2_SB_LUT4_O_I1_SB_LUT4_O_I0[26] budget 0.000000 ns (10,11) -> (10,11)
Info:                Sink processor.alu_main.Branch_Enable_SB_LUT4_O_I0_SB_LUT4_O_2_I2_SB_LUT4_O_I1_SB_LUT4_O_I3_SB_CARRY_CO_11$CARRY.CIN
Info:  0.3 34.2  Source processor.alu_main.Branch_Enable_SB_LUT4_O_I0_SB_LUT4_O_2_I2_SB_LUT4_O_I1_SB_LUT4_O_I3_SB_CARRY_CO_11$CARRY.COUT
Info:  0.0 34.2    Net processor.alu_main.Branch_Enable_SB_LUT4_O_I0_SB_LUT4_O_2_I2_SB_LUT4_O_I1_SB_LUT4_O_I0[27] budget 0.000000 ns (10,11) -> (10,11)
Info:                Sink processor.alu_main.Branch_Enable_SB_LUT4_O_I0_SB_LUT4_O_2_I2_SB_LUT4_O_I1_SB_LUT4_O_I3_SB_CARRY_CO_10$CARRY.CIN
Info:  0.3 34.5  Source processor.alu_main.Branch_Enable_SB_LUT4_O_I0_SB_LUT4_O_2_I2_SB_LUT4_O_I1_SB_LUT4_O_I3_SB_CARRY_CO_10$CARRY.COUT
Info:  0.0 34.5    Net processor.alu_main.Branch_Enable_SB_LUT4_O_I0_SB_LUT4_O_2_I2_SB_LUT4_O_I1_SB_LUT4_O_I0[28] budget 0.000000 ns (10,11) -> (10,11)
Info:                Sink processor.alu_main.Branch_Enable_SB_LUT4_O_I0_SB_LUT4_O_2_I2_SB_LUT4_O_I1_SB_LUT4_O_I3_SB_CARRY_CO_9$CARRY.CIN
Info:  0.3 34.7  Source processor.alu_main.Branch_Enable_SB_LUT4_O_I0_SB_LUT4_O_2_I2_SB_LUT4_O_I1_SB_LUT4_O_I3_SB_CARRY_CO_9$CARRY.COUT
Info:  0.0 34.7    Net processor.alu_main.Branch_Enable_SB_LUT4_O_I0_SB_LUT4_O_2_I2_SB_LUT4_O_I1_SB_LUT4_O_I0[29] budget 0.000000 ns (10,11) -> (10,11)
Info:                Sink processor.alu_main.Branch_Enable_SB_LUT4_O_I0_SB_LUT4_O_2_I2_SB_LUT4_O_I1_SB_LUT4_O_I3_SB_CARRY_CO_7$CARRY.CIN
Info:  0.3 35.0  Source processor.alu_main.Branch_Enable_SB_LUT4_O_I0_SB_LUT4_O_2_I2_SB_LUT4_O_I1_SB_LUT4_O_I3_SB_CARRY_CO_7$CARRY.COUT
Info:  0.0 35.0    Net processor.alu_main.Branch_Enable_SB_LUT4_O_I0_SB_LUT4_O_2_I2_SB_LUT4_O_I1_SB_LUT4_O_I0[30] budget 0.000000 ns (10,11) -> (10,11)
Info:                Sink processor.alu_main.Branch_Enable_SB_LUT4_O_I0_SB_LUT4_O_2_I2_SB_LUT4_O_I1_SB_LUT4_O_LC.CIN
Info:  0.3 35.3  Source processor.alu_main.Branch_Enable_SB_LUT4_O_I0_SB_LUT4_O_2_I2_SB_LUT4_O_I1_SB_LUT4_O_LC.COUT
Info:  1.2 36.5    Net $nextpnr_ICESTORM_LC_1$I3 budget 1.220000 ns (10,11) -> (10,12)
Info:                Sink $nextpnr_ICESTORM_LC_1.I3
Info:  0.9 37.4  Source $nextpnr_ICESTORM_LC_1.O
Info:  1.8 39.1    Net processor.alu_main.Branch_Enable_SB_LUT4_O_I0_SB_LUT4_O_2_I2_SB_LUT4_O_I1_SB_LUT4_O_I0[31] budget 27.660999 ns (10,12) -> (10,11)
Info:                Sink processor.alu_main.Branch_Enable_SB_LUT4_O_I0_SB_LUT4_O_2_I2_SB_LUT4_O_I1_SB_LUT4_O_LC.I0
Info:  1.3 40.4  Source processor.alu_main.Branch_Enable_SB_LUT4_O_I0_SB_LUT4_O_2_I2_SB_LUT4_O_I1_SB_LUT4_O_LC.O
Info:  4.1 44.6    Net processor.alu_main.Branch_Enable_SB_LUT4_O_I0_SB_LUT4_O_2_I2_SB_LUT4_O_I1[1] budget 3.459000 ns (10,11) -> (16,16)
Info:                Sink processor.alu_main.Branch_Enable_SB_LUT4_O_I0_SB_LUT4_O_2_I2_SB_LUT4_O_I1_SB_LUT4_I0_LC.I0
Info:  1.3 45.9  Source processor.alu_main.Branch_Enable_SB_LUT4_O_I0_SB_LUT4_O_2_I2_SB_LUT4_O_I1_SB_LUT4_I0_LC.O
Info:  1.8 47.6    Net processor.alu_main.Branch_Enable_SB_LUT4_O_I0_SB_LUT4_O_2_I2_SB_LUT4_O_I1_SB_LUT4_I0_O[0] budget 3.145000 ns (16,16) -> (17,16)
Info:                Sink processor.alu_main.ALUOut_SB_LUT4_O_22_I0_SB_LUT4_O_1_LC.I0
Info:  1.3 48.9  Source processor.alu_main.ALUOut_SB_LUT4_O_22_I0_SB_LUT4_O_1_LC.O
Info:  3.1 52.0    Net processor.alu_main.ALUOut_SB_LUT4_O_22_I0[1] budget 3.145000 ns (17,16) -> (16,12)
Info:                Sink processor.alu_main.ALUOut_SB_LUT4_O_22_LC.I1
Info:  1.2 53.2  Source processor.alu_main.ALUOut_SB_LUT4_O_22_LC.O
Info:  2.3 55.5    Net processor.alu_result[0] budget 3.704000 ns (16,12) -> (13,12)
Info:                Sink processor.lui_mux.out_SB_LUT4_O_31_LC.I2
Info:  1.2 56.7  Source processor.lui_mux.out_SB_LUT4_O_31_LC.O
Info:  3.6 60.3    Net data_addr[0] budget 5.246000 ns (13,12) -> (11,7)
Info:                Sink data_mem_inst.memwrite_SB_LUT4_I3_O_SB_LUT4_O_2_LC.I0
Info:  1.3 61.6  Source data_mem_inst.memwrite_SB_LUT4_I3_O_SB_LUT4_O_2_LC.O
Info:  3.7 65.3    Net data_mem_inst.memwrite_SB_LUT4_I3_O[0] budget 4.629000 ns (11,7) -> (11,18)
Info:                Sink data_mem_inst.memwrite_SB_LUT4_I3_O_SB_LUT4_I0_LC.I0
Info:  1.3 66.6  Source data_mem_inst.memwrite_SB_LUT4_I3_O_SB_LUT4_I0_LC.O
Info:  6.1 72.7    Net data_mem_inst.led_reg_SB_DFFE_Q_E budget 7.235000 ns (11,18) -> (4,2)
Info:                Sink data_mem_inst.led_reg_SB_DFFE_Q_1_DFFLC.CEN
Info:  0.1 72.8  Setup data_mem_inst.led_reg_SB_DFFE_Q_1_DFFLC.CEN
Info: 25.6 ns logic, 47.2 ns routing

Info: Critical path report for clock 'clk_proc_$glb_clk' (posedge -> posedge):
Info: curr total
Info:  1.4  1.4  Source processor.ex_mem_reg.data_out_SB_DFF_Q_14_DFFLC.O
Info:  3.7  5.1    Net processor.ex_mem_out[140] budget 0.000000 ns (2,6) -> (3,15)
Info:                Sink processor.forwarding_unit.MEM_RegWrite_SB_LUT4_I3_I0_SB_LUT4_O_I3_SB_LUT4_O_LC.I1
Info:  1.2  6.3  Source processor.forwarding_unit.MEM_RegWrite_SB_LUT4_I3_I0_SB_LUT4_O_I3_SB_LUT4_O_LC.O
Info:  1.8  8.1    Net processor.forwarding_unit.MEM_RegWrite_SB_LUT4_I3_I0_SB_LUT4_O_I3[2] budget 0.000000 ns (3,15) -> (3,15)
Info:                Sink processor.forwarding_unit.MEM_RegWrite_SB_LUT4_I3_I0_SB_LUT4_O_LC.I3
Info:  0.9  9.0  Source processor.forwarding_unit.MEM_RegWrite_SB_LUT4_I3_I0_SB_LUT4_O_LC.O
Info:  1.8 10.7    Net processor.forwarding_unit.MEM_RegWrite_SB_LUT4_I2_O[0] budget 0.000000 ns (3,15) -> (3,14)
Info:                Sink processor.forwarding_unit.MEM_RegWrite_SB_LUT4_I2_O_SB_LUT4_I3_LC.I0
Info:  1.3 12.0  Source processor.forwarding_unit.MEM_RegWrite_SB_LUT4_I2_O_SB_LUT4_I3_LC.O
Info:  1.8 13.8    Net processor.forwarding_unit.MEM_CSRR_SB_LUT4_I3_O_SB_LUT4_I3_O[3] budget 0.000000 ns (3,14) -> (3,13)
Info:                Sink processor.forwarding_unit.MEM_fwd2_SB_LUT4_O_LC.I3
Info:  0.9 14.6  Source processor.forwarding_unit.MEM_fwd2_SB_LUT4_O_LC.O
Info:  4.2 18.9    Net processor.mfwd2 budget 0.000000 ns (3,13) -> (8,3)
Info:                Sink processor.mem_fwd2_mux.out_SB_LUT4_O_29_LC.I3
Info:  0.9 19.8  Source processor.mem_fwd2_mux.out_SB_LUT4_O_29_LC.O
Info:  1.8 21.5    Net processor.mem_fwd2_mux_out[2] budget 0.000000 ns (8,3) -> (8,3)
Info:                Sink processor.wb_fwd2_mux.out_SB_LUT4_O_29_LC.I1
Info:  1.2 22.8  Source processor.wb_fwd2_mux.out_SB_LUT4_O_29_LC.O
Info:  4.8 27.5    Net data_WrData[2] budget 0.000000 ns (8,3) -> (15,14)
Info:                Sink processor.alu_mux.out_SB_LUT4_O_29_LC.I1
Info:  1.2 28.8  Source processor.alu_mux.out_SB_LUT4_O_29_LC.O
Info:  4.1 32.9    Net processor.alu_mux_out[2] budget 0.000000 ns (15,14) -> (9,9)
Info:                Sink processor.alu_main.ALUOut_SB_LUT4_O_12_I0_SB_LUT4_O_I1_SB_LUT4_O_I2_SB_LUT4_O_29_LC.I3
Info:  0.9 33.8  Source processor.alu_main.ALUOut_SB_LUT4_O_12_I0_SB_LUT4_O_I1_SB_LUT4_O_I2_SB_LUT4_O_29_LC.O
Info:  1.8 35.6    Net processor.alu_main.ALUOut_SB_LUT4_O_12_I0_SB_LUT4_O_I1_SB_LUT4_O_I2[2] budget 0.000000 ns (9,9) -> (10,8)
Info:                Sink processor.alu_main.Branch_Enable_SB_LUT4_O_I0_SB_LUT4_O_2_I2_SB_LUT4_O_I1_SB_LUT4_O_I3_SB_CARRY_CO_8$CARRY.I2
Info:  0.6 36.2  Source processor.alu_main.Branch_Enable_SB_LUT4_O_I0_SB_LUT4_O_2_I2_SB_LUT4_O_I1_SB_LUT4_O_I3_SB_CARRY_CO_8$CARRY.COUT
Info:  0.0 36.2    Net processor.alu_main.Branch_Enable_SB_LUT4_O_I0_SB_LUT4_O_2_I2_SB_LUT4_O_I1_SB_LUT4_O_I0[2] budget 0.000000 ns (10,8) -> (10,8)
Info:                Sink processor.alu_main.Branch_Enable_SB_LUT4_O_I0_SB_LUT4_O_2_I2_SB_LUT4_O_I1_SB_LUT4_O_I3_SB_CARRY_CO_6$CARRY.CIN
Info:  0.3 36.4  Source processor.alu_main.Branch_Enable_SB_LUT4_O_I0_SB_LUT4_O_2_I2_SB_LUT4_O_I1_SB_LUT4_O_I3_SB_CARRY_CO_6$CARRY.COUT
Info:  0.0 36.4    Net processor.alu_main.Branch_Enable_SB_LUT4_O_I0_SB_LUT4_O_2_I2_SB_LUT4_O_I1_SB_LUT4_O_I0[3] budget 0.000000 ns (10,8) -> (10,8)
Info:                Sink processor.alu_main.Branch_Enable_SB_LUT4_O_I0_SB_LUT4_O_2_I2_SB_LUT4_O_I1_SB_LUT4_O_I3_SB_CARRY_CO_5$CARRY.CIN
Info:  0.3 36.7  Source processor.alu_main.Branch_Enable_SB_LUT4_O_I0_SB_LUT4_O_2_I2_SB_LUT4_O_I1_SB_LUT4_O_I3_SB_CARRY_CO_5$CARRY.COUT
Info:  0.0 36.7    Net processor.alu_main.Branch_Enable_SB_LUT4_O_I0_SB_LUT4_O_2_I2_SB_LUT4_O_I1_SB_LUT4_O_I0[4] budget 0.000000 ns (10,8) -> (10,8)
Info:                Sink processor.alu_main.Branch_Enable_SB_LUT4_O_I0_SB_LUT4_O_2_I2_SB_LUT4_O_I1_SB_LUT4_O_I3_SB_CARRY_CO_4$CARRY.CIN
Info:  0.3 37.0  Source processor.alu_main.Branch_Enable_SB_LUT4_O_I0_SB_LUT4_O_2_I2_SB_LUT4_O_I1_SB_LUT4_O_I3_SB_CARRY_CO_4$CARRY.COUT
Info:  0.0 37.0    Net processor.alu_main.Branch_Enable_SB_LUT4_O_I0_SB_LUT4_O_2_I2_SB_LUT4_O_I1_SB_LUT4_O_I0[5] budget 0.000000 ns (10,8) -> (10,8)
Info:                Sink processor.alu_main.Branch_Enable_SB_LUT4_O_I0_SB_LUT4_O_2_I2_SB_LUT4_O_I1_SB_LUT4_O_I3_SB_CARRY_CO_3$CARRY.CIN
Info:  0.3 37.3  Source processor.alu_main.Branch_Enable_SB_LUT4_O_I0_SB_LUT4_O_2_I2_SB_LUT4_O_I1_SB_LUT4_O_I3_SB_CARRY_CO_3$CARRY.COUT
Info:  0.0 37.3    Net processor.alu_main.Branch_Enable_SB_LUT4_O_I0_SB_LUT4_O_2_I2_SB_LUT4_O_I1_SB_LUT4_O_I0[6] budget 0.000000 ns (10,8) -> (10,8)
Info:                Sink processor.alu_main.Branch_Enable_SB_LUT4_O_I0_SB_LUT4_O_2_I2_SB_LUT4_O_I1_SB_LUT4_O_I3_SB_CARRY_CO_2$CARRY.CIN
Info:  0.3 37.6  Source processor.alu_main.Branch_Enable_SB_LUT4_O_I0_SB_LUT4_O_2_I2_SB_LUT4_O_I1_SB_LUT4_O_I3_SB_CARRY_CO_2$CARRY.COUT
Info:  0.6 38.1    Net processor.alu_main.Branch_Enable_SB_LUT4_O_I0_SB_LUT4_O_2_I2_SB_LUT4_O_I1_SB_LUT4_O_I0[7] budget 0.560000 ns (10,8) -> (10,9)
Info:                Sink processor.alu_main.Branch_Enable_SB_LUT4_O_I0_SB_LUT4_O_2_I2_SB_LUT4_O_I1_SB_LUT4_O_I3_SB_CARRY_CO_1$CARRY.CIN
Info:  0.3 38.4  Source processor.alu_main.Branch_Enable_SB_LUT4_O_I0_SB_LUT4_O_2_I2_SB_LUT4_O_I1_SB_LUT4_O_I3_SB_CARRY_CO_1$CARRY.COUT
Info:  0.0 38.4    Net processor.alu_main.Branch_Enable_SB_LUT4_O_I0_SB_LUT4_O_2_I2_SB_LUT4_O_I1_SB_LUT4_O_I0[8] budget 0.000000 ns (10,9) -> (10,9)
Info:                Sink processor.alu_main.Branch_Enable_SB_LUT4_O_I0_SB_LUT4_O_2_I2_SB_LUT4_O_I1_SB_LUT4_O_I3_SB_CARRY_CO$CARRY.CIN
Info:  0.3 38.7  Source processor.alu_main.Branch_Enable_SB_LUT4_O_I0_SB_LUT4_O_2_I2_SB_LUT4_O_I1_SB_LUT4_O_I3_SB_CARRY_CO$CARRY.COUT
Info:  0.0 38.7    Net processor.alu_main.Branch_Enable_SB_LUT4_O_I0_SB_LUT4_O_2_I2_SB_LUT4_O_I1_SB_LUT4_O_I0[9] budget 0.000000 ns (10,9) -> (10,9)
Info:                Sink processor.alu_main.Branch_Enable_SB_LUT4_O_I0_SB_LUT4_O_2_I2_SB_LUT4_O_I1_SB_LUT4_O_I3_SB_CARRY_CO_29$CARRY.CIN
Info:  0.3 38.9  Source processor.alu_main.Branch_Enable_SB_LUT4_O_I0_SB_LUT4_O_2_I2_SB_LUT4_O_I1_SB_LUT4_O_I3_SB_CARRY_CO_29$CARRY.COUT
Info:  0.0 38.9    Net processor.alu_main.Branch_Enable_SB_LUT4_O_I0_SB_LUT4_O_2_I2_SB_LUT4_O_I1_SB_LUT4_O_I0[10] budget 0.000000 ns (10,9) -> (10,9)
Info:                Sink processor.alu_main.Branch_Enable_SB_LUT4_O_I0_SB_LUT4_O_2_I2_SB_LUT4_O_I1_SB_LUT4_O_I3_SB_CARRY_CO_28$CARRY.CIN
Info:  0.3 39.2  Source processor.alu_main.Branch_Enable_SB_LUT4_O_I0_SB_LUT4_O_2_I2_SB_LUT4_O_I1_SB_LUT4_O_I3_SB_CARRY_CO_28$CARRY.COUT
Info:  0.0 39.2    Net processor.alu_main.Branch_Enable_SB_LUT4_O_I0_SB_LUT4_O_2_I2_SB_LUT4_O_I1_SB_LUT4_O_I0[11] budget 0.000000 ns (10,9) -> (10,9)
Info:                Sink processor.alu_main.Branch_Enable_SB_LUT4_O_I0_SB_LUT4_O_2_I2_SB_LUT4_O_I1_SB_LUT4_O_I3_SB_CARRY_CO_27$CARRY.CIN
Info:  0.3 39.5  Source processor.alu_main.Branch_Enable_SB_LUT4_O_I0_SB_LUT4_O_2_I2_SB_LUT4_O_I1_SB_LUT4_O_I3_SB_CARRY_CO_27$CARRY.COUT
Info:  0.0 39.5    Net processor.alu_main.Branch_Enable_SB_LUT4_O_I0_SB_LUT4_O_2_I2_SB_LUT4_O_I1_SB_LUT4_O_I0[12] budget 0.000000 ns (10,9) -> (10,9)
Info:                Sink processor.alu_main.Branch_Enable_SB_LUT4_O_I0_SB_LUT4_O_2_I2_SB_LUT4_O_I1_SB_LUT4_O_I3_SB_CARRY_CO_26$CARRY.CIN
Info:  0.3 39.8  Source processor.alu_main.Branch_Enable_SB_LUT4_O_I0_SB_LUT4_O_2_I2_SB_LUT4_O_I1_SB_LUT4_O_I3_SB_CARRY_CO_26$CARRY.COUT
Info:  0.0 39.8    Net processor.alu_main.Branch_Enable_SB_LUT4_O_I0_SB_LUT4_O_2_I2_SB_LUT4_O_I1_SB_LUT4_O_I0[13] budget 0.000000 ns (10,9) -> (10,9)
Info:                Sink processor.alu_main.Branch_Enable_SB_LUT4_O_I0_SB_LUT4_O_2_I2_SB_LUT4_O_I1_SB_LUT4_O_I3_SB_CARRY_CO_25$CARRY.CIN
Info:  0.3 40.1  Source processor.alu_main.Branch_Enable_SB_LUT4_O_I0_SB_LUT4_O_2_I2_SB_LUT4_O_I1_SB_LUT4_O_I3_SB_CARRY_CO_25$CARRY.COUT
Info:  0.0 40.1    Net processor.alu_main.Branch_Enable_SB_LUT4_O_I0_SB_LUT4_O_2_I2_SB_LUT4_O_I1_SB_LUT4_O_I0[14] budget 0.000000 ns (10,9) -> (10,9)
Info:                Sink processor.alu_main.Branch_Enable_SB_LUT4_O_I0_SB_LUT4_O_2_I2_SB_LUT4_O_I1_SB_LUT4_O_I3_SB_CARRY_CO_24$CARRY.CIN
Info:  0.3 40.3  Source processor.alu_main.Branch_Enable_SB_LUT4_O_I0_SB_LUT4_O_2_I2_SB_LUT4_O_I1_SB_LUT4_O_I3_SB_CARRY_CO_24$CARRY.COUT
Info:  0.6 40.9    Net processor.alu_main.Branch_Enable_SB_LUT4_O_I0_SB_LUT4_O_2_I2_SB_LUT4_O_I1_SB_LUT4_O_I0[15] budget 0.560000 ns (10,9) -> (10,10)
Info:                Sink processor.alu_main.Branch_Enable_SB_LUT4_O_I0_SB_LUT4_O_2_I2_SB_LUT4_O_I1_SB_LUT4_O_I3_SB_CARRY_CO_23$CARRY.CIN
Info:  0.3 41.2  Source processor.alu_main.Branch_Enable_SB_LUT4_O_I0_SB_LUT4_O_2_I2_SB_LUT4_O_I1_SB_LUT4_O_I3_SB_CARRY_CO_23$CARRY.COUT
Info:  0.0 41.2    Net processor.alu_main.Branch_Enable_SB_LUT4_O_I0_SB_LUT4_O_2_I2_SB_LUT4_O_I1_SB_LUT4_O_I0[16] budget 0.000000 ns (10,10) -> (10,10)
Info:                Sink processor.alu_main.Branch_Enable_SB_LUT4_O_I0_SB_LUT4_O_2_I2_SB_LUT4_O_I1_SB_LUT4_O_I3_SB_CARRY_CO_22$CARRY.CIN
Info:  0.3 41.4  Source processor.alu_main.Branch_Enable_SB_LUT4_O_I0_SB_LUT4_O_2_I2_SB_LUT4_O_I1_SB_LUT4_O_I3_SB_CARRY_CO_22$CARRY.COUT
Info:  0.0 41.4    Net processor.alu_main.Branch_Enable_SB_LUT4_O_I0_SB_LUT4_O_2_I2_SB_LUT4_O_I1_SB_LUT4_O_I0[17] budget 0.000000 ns (10,10) -> (10,10)
Info:                Sink processor.alu_main.Branch_Enable_SB_LUT4_O_I0_SB_LUT4_O_2_I2_SB_LUT4_O_I1_SB_LUT4_O_I3_SB_CARRY_CO_21$CARRY.CIN
Info:  0.3 41.7  Source processor.alu_main.Branch_Enable_SB_LUT4_O_I0_SB_LUT4_O_2_I2_SB_LUT4_O_I1_SB_LUT4_O_I3_SB_CARRY_CO_21$CARRY.COUT
Info:  0.0 41.7    Net processor.alu_main.Branch_Enable_SB_LUT4_O_I0_SB_LUT4_O_2_I2_SB_LUT4_O_I1_SB_LUT4_O_I0[18] budget 0.000000 ns (10,10) -> (10,10)
Info:                Sink processor.alu_main.Branch_Enable_SB_LUT4_O_I0_SB_LUT4_O_2_I2_SB_LUT4_O_I1_SB_LUT4_O_I3_SB_CARRY_CO_20$CARRY.CIN
Info:  0.3 42.0  Source processor.alu_main.Branch_Enable_SB_LUT4_O_I0_SB_LUT4_O_2_I2_SB_LUT4_O_I1_SB_LUT4_O_I3_SB_CARRY_CO_20$CARRY.COUT
Info:  0.0 42.0    Net processor.alu_main.Branch_Enable_SB_LUT4_O_I0_SB_LUT4_O_2_I2_SB_LUT4_O_I1_SB_LUT4_O_I0[19] budget 0.000000 ns (10,10) -> (10,10)
Info:                Sink processor.alu_main.Branch_Enable_SB_LUT4_O_I0_SB_LUT4_O_2_I2_SB_LUT4_O_I1_SB_LUT4_O_I3_SB_CARRY_CO_18$CARRY.CIN
Info:  0.3 42.3  Source processor.alu_main.Branch_Enable_SB_LUT4_O_I0_SB_LUT4_O_2_I2_SB_LUT4_O_I1_SB_LUT4_O_I3_SB_CARRY_CO_18$CARRY.COUT
Info:  0.0 42.3    Net processor.alu_main.Branch_Enable_SB_LUT4_O_I0_SB_LUT4_O_2_I2_SB_LUT4_O_I1_SB_LUT4_O_I0[20] budget 0.000000 ns (10,10) -> (10,10)
Info:                Sink processor.alu_main.Branch_Enable_SB_LUT4_O_I0_SB_LUT4_O_2_I2_SB_LUT4_O_I1_SB_LUT4_O_I3_SB_CARRY_CO_17$CARRY.CIN
Info:  0.3 42.6  Source processor.alu_main.Branch_Enable_SB_LUT4_O_I0_SB_LUT4_O_2_I2_SB_LUT4_O_I1_SB_LUT4_O_I3_SB_CARRY_CO_17$CARRY.COUT
Info:  0.0 42.6    Net processor.alu_main.Branch_Enable_SB_LUT4_O_I0_SB_LUT4_O_2_I2_SB_LUT4_O_I1_SB_LUT4_O_I0[21] budget 0.000000 ns (10,10) -> (10,10)
Info:                Sink processor.alu_main.Branch_Enable_SB_LUT4_O_I0_SB_LUT4_O_2_I2_SB_LUT4_O_I1_SB_LUT4_O_I3_SB_CARRY_CO_16$CARRY.CIN
Info:  0.3 42.8  Source processor.alu_main.Branch_Enable_SB_LUT4_O_I0_SB_LUT4_O_2_I2_SB_LUT4_O_I1_SB_LUT4_O_I3_SB_CARRY_CO_16$CARRY.COUT
Info:  0.0 42.8    Net processor.alu_main.Branch_Enable_SB_LUT4_O_I0_SB_LUT4_O_2_I2_SB_LUT4_O_I1_SB_LUT4_O_I0[22] budget 0.000000 ns (10,10) -> (10,10)
Info:                Sink processor.alu_main.Branch_Enable_SB_LUT4_O_I0_SB_LUT4_O_2_I2_SB_LUT4_O_I1_SB_LUT4_O_I3_SB_CARRY_CO_15$CARRY.CIN
Info:  0.3 43.1  Source processor.alu_main.Branch_Enable_SB_LUT4_O_I0_SB_LUT4_O_2_I2_SB_LUT4_O_I1_SB_LUT4_O_I3_SB_CARRY_CO_15$CARRY.COUT
Info:  0.6 43.7    Net processor.alu_main.Branch_Enable_SB_LUT4_O_I0_SB_LUT4_O_2_I2_SB_LUT4_O_I1_SB_LUT4_O_I0[23] budget 0.560000 ns (10,10) -> (10,11)
Info:                Sink processor.alu_main.Branch_Enable_SB_LUT4_O_I0_SB_LUT4_O_2_I2_SB_LUT4_O_I1_SB_LUT4_O_I3_SB_CARRY_CO_14$CARRY.CIN
Info:  0.3 43.9  Source processor.alu_main.Branch_Enable_SB_LUT4_O_I0_SB_LUT4_O_2_I2_SB_LUT4_O_I1_SB_LUT4_O_I3_SB_CARRY_CO_14$CARRY.COUT
Info:  0.0 43.9    Net processor.alu_main.Branch_Enable_SB_LUT4_O_I0_SB_LUT4_O_2_I2_SB_LUT4_O_I1_SB_LUT4_O_I0[24] budget 0.000000 ns (10,11) -> (10,11)
Info:                Sink processor.alu_main.Branch_Enable_SB_LUT4_O_I0_SB_LUT4_O_2_I2_SB_LUT4_O_I1_SB_LUT4_O_I3_SB_CARRY_CO_13$CARRY.CIN
Info:  0.3 44.2  Source processor.alu_main.Branch_Enable_SB_LUT4_O_I0_SB_LUT4_O_2_I2_SB_LUT4_O_I1_SB_LUT4_O_I3_SB_CARRY_CO_13$CARRY.COUT
Info:  0.0 44.2    Net processor.alu_main.Branch_Enable_SB_LUT4_O_I0_SB_LUT4_O_2_I2_SB_LUT4_O_I1_SB_LUT4_O_I0[25] budget 0.000000 ns (10,11) -> (10,11)
Info:                Sink processor.alu_main.Branch_Enable_SB_LUT4_O_I0_SB_LUT4_O_2_I2_SB_LUT4_O_I1_SB_LUT4_O_I3_SB_CARRY_CO_12$CARRY.CIN
Info:  0.3 44.5  Source processor.alu_main.Branch_Enable_SB_LUT4_O_I0_SB_LUT4_O_2_I2_SB_LUT4_O_I1_SB_LUT4_O_I3_SB_CARRY_CO_12$CARRY.COUT
Info:  0.0 44.5    Net processor.alu_main.Branch_Enable_SB_LUT4_O_I0_SB_LUT4_O_2_I2_SB_LUT4_O_I1_SB_LUT4_O_I0[26] budget 0.000000 ns (10,11) -> (10,11)
Info:                Sink processor.alu_main.Branch_Enable_SB_LUT4_O_I0_SB_LUT4_O_2_I2_SB_LUT4_O_I1_SB_LUT4_O_I3_SB_CARRY_CO_11$CARRY.CIN
Info:  0.3 44.8  Source processor.alu_main.Branch_Enable_SB_LUT4_O_I0_SB_LUT4_O_2_I2_SB_LUT4_O_I1_SB_LUT4_O_I3_SB_CARRY_CO_11$CARRY.COUT
Info:  0.0 44.8    Net processor.alu_main.Branch_Enable_SB_LUT4_O_I0_SB_LUT4_O_2_I2_SB_LUT4_O_I1_SB_LUT4_O_I0[27] budget 0.000000 ns (10,11) -> (10,11)
Info:                Sink processor.alu_main.Branch_Enable_SB_LUT4_O_I0_SB_LUT4_O_2_I2_SB_LUT4_O_I1_SB_LUT4_O_I3_SB_CARRY_CO_10$CARRY.CIN
Info:  0.3 45.1  Source processor.alu_main.Branch_Enable_SB_LUT4_O_I0_SB_LUT4_O_2_I2_SB_LUT4_O_I1_SB_LUT4_O_I3_SB_CARRY_CO_10$CARRY.COUT
Info:  0.0 45.1    Net processor.alu_main.Branch_Enable_SB_LUT4_O_I0_SB_LUT4_O_2_I2_SB_LUT4_O_I1_SB_LUT4_O_I0[28] budget 0.000000 ns (10,11) -> (10,11)
Info:                Sink processor.alu_main.Branch_Enable_SB_LUT4_O_I0_SB_LUT4_O_2_I2_SB_LUT4_O_I1_SB_LUT4_O_I3_SB_CARRY_CO_9$CARRY.CIN
Info:  0.3 45.3  Source processor.alu_main.Branch_Enable_SB_LUT4_O_I0_SB_LUT4_O_2_I2_SB_LUT4_O_I1_SB_LUT4_O_I3_SB_CARRY_CO_9$CARRY.COUT
Info:  0.0 45.3    Net processor.alu_main.Branch_Enable_SB_LUT4_O_I0_SB_LUT4_O_2_I2_SB_LUT4_O_I1_SB_LUT4_O_I0[29] budget 0.000000 ns (10,11) -> (10,11)
Info:                Sink processor.alu_main.Branch_Enable_SB_LUT4_O_I0_SB_LUT4_O_2_I2_SB_LUT4_O_I1_SB_LUT4_O_I3_SB_CARRY_CO_7$CARRY.CIN
Info:  0.3 45.6  Source processor.alu_main.Branch_Enable_SB_LUT4_O_I0_SB_LUT4_O_2_I2_SB_LUT4_O_I1_SB_LUT4_O_I3_SB_CARRY_CO_7$CARRY.COUT
Info:  0.0 45.6    Net processor.alu_main.Branch_Enable_SB_LUT4_O_I0_SB_LUT4_O_2_I2_SB_LUT4_O_I1_SB_LUT4_O_I0[30] budget 0.000000 ns (10,11) -> (10,11)
Info:                Sink processor.alu_main.Branch_Enable_SB_LUT4_O_I0_SB_LUT4_O_2_I2_SB_LUT4_O_I1_SB_LUT4_O_LC.CIN
Info:  0.3 45.9  Source processor.alu_main.Branch_Enable_SB_LUT4_O_I0_SB_LUT4_O_2_I2_SB_LUT4_O_I1_SB_LUT4_O_LC.COUT
Info:  1.2 47.1    Net $nextpnr_ICESTORM_LC_1$I3 budget 1.220000 ns (10,11) -> (10,12)
Info:                Sink $nextpnr_ICESTORM_LC_1.I3
Info:  0.9 48.0  Source $nextpnr_ICESTORM_LC_1.O
Info:  1.8 49.7    Net processor.alu_main.Branch_Enable_SB_LUT4_O_I0_SB_LUT4_O_2_I2_SB_LUT4_O_I1_SB_LUT4_O_I0[31] budget 27.660999 ns (10,12) -> (10,11)
Info:                Sink processor.alu_main.Branch_Enable_SB_LUT4_O_I0_SB_LUT4_O_2_I2_SB_LUT4_O_I1_SB_LUT4_O_LC.I0
Info:  1.3 51.0  Source processor.alu_main.Branch_Enable_SB_LUT4_O_I0_SB_LUT4_O_2_I2_SB_LUT4_O_I1_SB_LUT4_O_LC.O
Info:  4.1 55.2    Net processor.alu_main.Branch_Enable_SB_LUT4_O_I0_SB_LUT4_O_2_I2_SB_LUT4_O_I1[1] budget 3.459000 ns (10,11) -> (16,16)
Info:                Sink processor.alu_main.Branch_Enable_SB_LUT4_O_I0_SB_LUT4_O_2_I2_SB_LUT4_O_I1_SB_LUT4_I0_LC.I0
Info:  1.3 56.5  Source processor.alu_main.Branch_Enable_SB_LUT4_O_I0_SB_LUT4_O_2_I2_SB_LUT4_O_I1_SB_LUT4_I0_LC.O
Info:  1.8 58.2    Net processor.alu_main.Branch_Enable_SB_LUT4_O_I0_SB_LUT4_O_2_I2_SB_LUT4_O_I1_SB_LUT4_I0_O[0] budget 3.145000 ns (16,16) -> (17,16)
Info:                Sink processor.alu_main.ALUOut_SB_LUT4_O_22_I0_SB_LUT4_O_1_LC.I0
Info:  1.3 59.5  Source processor.alu_main.ALUOut_SB_LUT4_O_22_I0_SB_LUT4_O_1_LC.O
Info:  3.1 62.6    Net processor.alu_main.ALUOut_SB_LUT4_O_22_I0[1] budget 3.145000 ns (17,16) -> (16,12)
Info:                Sink processor.alu_main.ALUOut_SB_LUT4_O_22_LC.I1
Info:  1.2 63.8  Source processor.alu_main.ALUOut_SB_LUT4_O_22_LC.O
Info:  3.0 66.7    Net processor.alu_result[0] budget 3.145000 ns (16,12) -> (13,14)
Info:                Sink processor.alu_main.Branch_Enable_SB_LUT4_O_I0_SB_LUT4_O_I1_SB_LUT4_O_I1_SB_LUT4_O_2_LC.I0
Info:  1.3 68.0  Source processor.alu_main.Branch_Enable_SB_LUT4_O_I0_SB_LUT4_O_I1_SB_LUT4_O_I1_SB_LUT4_O_2_LC.O
Info:  1.8 69.8    Net processor.alu_main.Branch_Enable_SB_LUT4_O_I0_SB_LUT4_O_I1_SB_LUT4_O_I1[0] budget 3.145000 ns (13,14) -> (13,14)
Info:                Sink processor.alu_main.Branch_Enable_SB_LUT4_O_I0_SB_LUT4_O_I1_SB_LUT4_O_LC.I1
Info:  1.2 71.0  Source processor.alu_main.Branch_Enable_SB_LUT4_O_I0_SB_LUT4_O_I1_SB_LUT4_O_LC.O
Info:  2.4 73.4    Net processor.alu_main.Branch_Enable_SB_LUT4_O_I0_SB_LUT4_O_I1[2] budget 3.144000 ns (13,14) -> (13,17)
Info:                Sink processor.alu_main.Branch_Enable_SB_LUT4_O_I0_SB_LUT4_O_LC.I3
Info:  0.9 74.3  Source processor.alu_main.Branch_Enable_SB_LUT4_O_I0_SB_LUT4_O_LC.O
Info:  2.4 76.7    Net processor.alu_main.Branch_Enable_SB_LUT4_O_I0[2] budget 3.144000 ns (13,17) -> (13,20)
Info:                Sink processor.alu_main.Branch_Enable_SB_LUT4_O_LC.I2
Info:  1.2 77.9  Setup processor.alu_main.Branch_Enable_SB_LUT4_O_LC.I2
Info: 29.0 ns logic, 48.8 ns routing

Info: Critical path report for cross-domain path 'posedge clk' -> '<async>':
Info: curr total
Info:  1.4  1.4  Source data_mem_inst.led_reg_SB_DFFE_Q_6_DFFLC.O
Info:  6.2  7.6    Net led[1]$SB_IO_OUT budget 81.943001 ns (5,8) -> (4,31)
Info:                Sink led[1]$sb_io.D_OUT_0
Info: 1.4 ns logic, 6.2 ns routing

Info: Critical path report for cross-domain path 'posedge clk' -> 'posedge clk_proc_$glb_clk':
Info: curr total
Info:  1.4  1.4  Source data_mem_inst.read_buf_SB_LUT4_O_29_LC.O
Info:  3.6  5.0    Net data_out[2] budget 0.000000 ns (4,9) -> (8,3)
Info:                Sink processor.dataMemOut_fwd_mux.out_SB_LUT4_O_29_LC.I2
Info:  1.2  6.2  Source processor.dataMemOut_fwd_mux.out_SB_LUT4_O_29_LC.O
Info:  1.8  8.0    Net processor.dataMemOut_fwd_mux_out[2] budget 0.000000 ns (8,3) -> (8,3)
Info:                Sink processor.mem_fwd2_mux.out_SB_LUT4_O_29_LC.I2
Info:  1.2  9.2  Source processor.mem_fwd2_mux.out_SB_LUT4_O_29_LC.O
Info:  1.8 10.9    Net processor.mem_fwd2_mux_out[2] budget 0.000000 ns (8,3) -> (8,3)
Info:                Sink processor.wb_fwd2_mux.out_SB_LUT4_O_29_LC.I1
Info:  1.2 12.2  Source processor.wb_fwd2_mux.out_SB_LUT4_O_29_LC.O
Info:  4.8 16.9    Net data_WrData[2] budget 0.000000 ns (8,3) -> (15,14)
Info:                Sink processor.alu_mux.out_SB_LUT4_O_29_LC.I1
Info:  1.2 18.2  Source processor.alu_mux.out_SB_LUT4_O_29_LC.O
Info:  4.1 22.3    Net processor.alu_mux_out[2] budget 0.000000 ns (15,14) -> (9,9)
Info:                Sink processor.alu_main.ALUOut_SB_LUT4_O_12_I0_SB_LUT4_O_I1_SB_LUT4_O_I2_SB_LUT4_O_29_LC.I3
Info:  0.9 23.2  Source processor.alu_main.ALUOut_SB_LUT4_O_12_I0_SB_LUT4_O_I1_SB_LUT4_O_I2_SB_LUT4_O_29_LC.O
Info:  1.8 25.0    Net processor.alu_main.ALUOut_SB_LUT4_O_12_I0_SB_LUT4_O_I1_SB_LUT4_O_I2[2] budget 0.000000 ns (9,9) -> (10,8)
Info:                Sink processor.alu_main.Branch_Enable_SB_LUT4_O_I0_SB_LUT4_O_2_I2_SB_LUT4_O_I1_SB_LUT4_O_I3_SB_CARRY_CO_8$CARRY.I2
Info:  0.6 25.6  Source processor.alu_main.Branch_Enable_SB_LUT4_O_I0_SB_LUT4_O_2_I2_SB_LUT4_O_I1_SB_LUT4_O_I3_SB_CARRY_CO_8$CARRY.COUT
Info:  0.0 25.6    Net processor.alu_main.Branch_Enable_SB_LUT4_O_I0_SB_LUT4_O_2_I2_SB_LUT4_O_I1_SB_LUT4_O_I0[2] budget 0.000000 ns (10,8) -> (10,8)
Info:                Sink processor.alu_main.Branch_Enable_SB_LUT4_O_I0_SB_LUT4_O_2_I2_SB_LUT4_O_I1_SB_LUT4_O_I3_SB_CARRY_CO_6$CARRY.CIN
Info:  0.3 25.8  Source processor.alu_main.Branch_Enable_SB_LUT4_O_I0_SB_LUT4_O_2_I2_SB_LUT4_O_I1_SB_LUT4_O_I3_SB_CARRY_CO_6$CARRY.COUT
Info:  0.0 25.8    Net processor.alu_main.Branch_Enable_SB_LUT4_O_I0_SB_LUT4_O_2_I2_SB_LUT4_O_I1_SB_LUT4_O_I0[3] budget 0.000000 ns (10,8) -> (10,8)
Info:                Sink processor.alu_main.Branch_Enable_SB_LUT4_O_I0_SB_LUT4_O_2_I2_SB_LUT4_O_I1_SB_LUT4_O_I3_SB_CARRY_CO_5$CARRY.CIN
Info:  0.3 26.1  Source processor.alu_main.Branch_Enable_SB_LUT4_O_I0_SB_LUT4_O_2_I2_SB_LUT4_O_I1_SB_LUT4_O_I3_SB_CARRY_CO_5$CARRY.COUT
Info:  0.0 26.1    Net processor.alu_main.Branch_Enable_SB_LUT4_O_I0_SB_LUT4_O_2_I2_SB_LUT4_O_I1_SB_LUT4_O_I0[4] budget 0.000000 ns (10,8) -> (10,8)
Info:                Sink processor.alu_main.Branch_Enable_SB_LUT4_O_I0_SB_LUT4_O_2_I2_SB_LUT4_O_I1_SB_LUT4_O_I3_SB_CARRY_CO_4$CARRY.CIN
Info:  0.3 26.4  Source processor.alu_main.Branch_Enable_SB_LUT4_O_I0_SB_LUT4_O_2_I2_SB_LUT4_O_I1_SB_LUT4_O_I3_SB_CARRY_CO_4$CARRY.COUT
Info:  0.0 26.4    Net processor.alu_main.Branch_Enable_SB_LUT4_O_I0_SB_LUT4_O_2_I2_SB_LUT4_O_I1_SB_LUT4_O_I0[5] budget 0.000000 ns (10,8) -> (10,8)
Info:                Sink processor.alu_main.Branch_Enable_SB_LUT4_O_I0_SB_LUT4_O_2_I2_SB_LUT4_O_I1_SB_LUT4_O_I3_SB_CARRY_CO_3$CARRY.CIN
Info:  0.3 26.7  Source processor.alu_main.Branch_Enable_SB_LUT4_O_I0_SB_LUT4_O_2_I2_SB_LUT4_O_I1_SB_LUT4_O_I3_SB_CARRY_CO_3$CARRY.COUT
Info:  0.0 26.7    Net processor.alu_main.Branch_Enable_SB_LUT4_O_I0_SB_LUT4_O_2_I2_SB_LUT4_O_I1_SB_LUT4_O_I0[6] budget 0.000000 ns (10,8) -> (10,8)
Info:                Sink processor.alu_main.Branch_Enable_SB_LUT4_O_I0_SB_LUT4_O_2_I2_SB_LUT4_O_I1_SB_LUT4_O_I3_SB_CARRY_CO_2$CARRY.CIN
Info:  0.3 27.0  Source processor.alu_main.Branch_Enable_SB_LUT4_O_I0_SB_LUT4_O_2_I2_SB_LUT4_O_I1_SB_LUT4_O_I3_SB_CARRY_CO_2$CARRY.COUT
Info:  0.6 27.5    Net processor.alu_main.Branch_Enable_SB_LUT4_O_I0_SB_LUT4_O_2_I2_SB_LUT4_O_I1_SB_LUT4_O_I0[7] budget 0.560000 ns (10,8) -> (10,9)
Info:                Sink processor.alu_main.Branch_Enable_SB_LUT4_O_I0_SB_LUT4_O_2_I2_SB_LUT4_O_I1_SB_LUT4_O_I3_SB_CARRY_CO_1$CARRY.CIN
Info:  0.3 27.8  Source processor.alu_main.Branch_Enable_SB_LUT4_O_I0_SB_LUT4_O_2_I2_SB_LUT4_O_I1_SB_LUT4_O_I3_SB_CARRY_CO_1$CARRY.COUT
Info:  0.0 27.8    Net processor.alu_main.Branch_Enable_SB_LUT4_O_I0_SB_LUT4_O_2_I2_SB_LUT4_O_I1_SB_LUT4_O_I0[8] budget 0.000000 ns (10,9) -> (10,9)
Info:                Sink processor.alu_main.Branch_Enable_SB_LUT4_O_I0_SB_LUT4_O_2_I2_SB_LUT4_O_I1_SB_LUT4_O_I3_SB_CARRY_CO$CARRY.CIN
Info:  0.3 28.1  Source processor.alu_main.Branch_Enable_SB_LUT4_O_I0_SB_LUT4_O_2_I2_SB_LUT4_O_I1_SB_LUT4_O_I3_SB_CARRY_CO$CARRY.COUT
Info:  0.0 28.1    Net processor.alu_main.Branch_Enable_SB_LUT4_O_I0_SB_LUT4_O_2_I2_SB_LUT4_O_I1_SB_LUT4_O_I0[9] budget 0.000000 ns (10,9) -> (10,9)
Info:                Sink processor.alu_main.Branch_Enable_SB_LUT4_O_I0_SB_LUT4_O_2_I2_SB_LUT4_O_I1_SB_LUT4_O_I3_SB_CARRY_CO_29$CARRY.CIN
Info:  0.3 28.3  Source processor.alu_main.Branch_Enable_SB_LUT4_O_I0_SB_LUT4_O_2_I2_SB_LUT4_O_I1_SB_LUT4_O_I3_SB_CARRY_CO_29$CARRY.COUT
Info:  0.0 28.3    Net processor.alu_main.Branch_Enable_SB_LUT4_O_I0_SB_LUT4_O_2_I2_SB_LUT4_O_I1_SB_LUT4_O_I0[10] budget 0.000000 ns (10,9) -> (10,9)
Info:                Sink processor.alu_main.Branch_Enable_SB_LUT4_O_I0_SB_LUT4_O_2_I2_SB_LUT4_O_I1_SB_LUT4_O_I3_SB_CARRY_CO_28$CARRY.CIN
Info:  0.3 28.6  Source processor.alu_main.Branch_Enable_SB_LUT4_O_I0_SB_LUT4_O_2_I2_SB_LUT4_O_I1_SB_LUT4_O_I3_SB_CARRY_CO_28$CARRY.COUT
Info:  0.0 28.6    Net processor.alu_main.Branch_Enable_SB_LUT4_O_I0_SB_LUT4_O_2_I2_SB_LUT4_O_I1_SB_LUT4_O_I0[11] budget 0.000000 ns (10,9) -> (10,9)
Info:                Sink processor.alu_main.Branch_Enable_SB_LUT4_O_I0_SB_LUT4_O_2_I2_SB_LUT4_O_I1_SB_LUT4_O_I3_SB_CARRY_CO_27$CARRY.CIN
Info:  0.3 28.9  Source processor.alu_main.Branch_Enable_SB_LUT4_O_I0_SB_LUT4_O_2_I2_SB_LUT4_O_I1_SB_LUT4_O_I3_SB_CARRY_CO_27$CARRY.COUT
Info:  0.0 28.9    Net processor.alu_main.Branch_Enable_SB_LUT4_O_I0_SB_LUT4_O_2_I2_SB_LUT4_O_I1_SB_LUT4_O_I0[12] budget 0.000000 ns (10,9) -> (10,9)
Info:                Sink processor.alu_main.Branch_Enable_SB_LUT4_O_I0_SB_LUT4_O_2_I2_SB_LUT4_O_I1_SB_LUT4_O_I3_SB_CARRY_CO_26$CARRY.CIN
Info:  0.3 29.2  Source processor.alu_main.Branch_Enable_SB_LUT4_O_I0_SB_LUT4_O_2_I2_SB_LUT4_O_I1_SB_LUT4_O_I3_SB_CARRY_CO_26$CARRY.COUT
Info:  0.0 29.2    Net processor.alu_main.Branch_Enable_SB_LUT4_O_I0_SB_LUT4_O_2_I2_SB_LUT4_O_I1_SB_LUT4_O_I0[13] budget 0.000000 ns (10,9) -> (10,9)
Info:                Sink processor.alu_main.Branch_Enable_SB_LUT4_O_I0_SB_LUT4_O_2_I2_SB_LUT4_O_I1_SB_LUT4_O_I3_SB_CARRY_CO_25$CARRY.CIN
Info:  0.3 29.5  Source processor.alu_main.Branch_Enable_SB_LUT4_O_I0_SB_LUT4_O_2_I2_SB_LUT4_O_I1_SB_LUT4_O_I3_SB_CARRY_CO_25$CARRY.COUT
Info:  0.0 29.5    Net processor.alu_main.Branch_Enable_SB_LUT4_O_I0_SB_LUT4_O_2_I2_SB_LUT4_O_I1_SB_LUT4_O_I0[14] budget 0.000000 ns (10,9) -> (10,9)
Info:                Sink processor.alu_main.Branch_Enable_SB_LUT4_O_I0_SB_LUT4_O_2_I2_SB_LUT4_O_I1_SB_LUT4_O_I3_SB_CARRY_CO_24$CARRY.CIN
Info:  0.3 29.7  Source processor.alu_main.Branch_Enable_SB_LUT4_O_I0_SB_LUT4_O_2_I2_SB_LUT4_O_I1_SB_LUT4_O_I3_SB_CARRY_CO_24$CARRY.COUT
Info:  0.6 30.3    Net processor.alu_main.Branch_Enable_SB_LUT4_O_I0_SB_LUT4_O_2_I2_SB_LUT4_O_I1_SB_LUT4_O_I0[15] budget 0.560000 ns (10,9) -> (10,10)
Info:                Sink processor.alu_main.Branch_Enable_SB_LUT4_O_I0_SB_LUT4_O_2_I2_SB_LUT4_O_I1_SB_LUT4_O_I3_SB_CARRY_CO_23$CARRY.CIN
Info:  0.3 30.6  Source processor.alu_main.Branch_Enable_SB_LUT4_O_I0_SB_LUT4_O_2_I2_SB_LUT4_O_I1_SB_LUT4_O_I3_SB_CARRY_CO_23$CARRY.COUT
Info:  0.0 30.6    Net processor.alu_main.Branch_Enable_SB_LUT4_O_I0_SB_LUT4_O_2_I2_SB_LUT4_O_I1_SB_LUT4_O_I0[16] budget 0.000000 ns (10,10) -> (10,10)
Info:                Sink processor.alu_main.Branch_Enable_SB_LUT4_O_I0_SB_LUT4_O_2_I2_SB_LUT4_O_I1_SB_LUT4_O_I3_SB_CARRY_CO_22$CARRY.CIN
Info:  0.3 30.8  Source processor.alu_main.Branch_Enable_SB_LUT4_O_I0_SB_LUT4_O_2_I2_SB_LUT4_O_I1_SB_LUT4_O_I3_SB_CARRY_CO_22$CARRY.COUT
Info:  0.0 30.8    Net processor.alu_main.Branch_Enable_SB_LUT4_O_I0_SB_LUT4_O_2_I2_SB_LUT4_O_I1_SB_LUT4_O_I0[17] budget 0.000000 ns (10,10) -> (10,10)
Info:                Sink processor.alu_main.Branch_Enable_SB_LUT4_O_I0_SB_LUT4_O_2_I2_SB_LUT4_O_I1_SB_LUT4_O_I3_SB_CARRY_CO_21$CARRY.CIN
Info:  0.3 31.1  Source processor.alu_main.Branch_Enable_SB_LUT4_O_I0_SB_LUT4_O_2_I2_SB_LUT4_O_I1_SB_LUT4_O_I3_SB_CARRY_CO_21$CARRY.COUT
Info:  0.0 31.1    Net processor.alu_main.Branch_Enable_SB_LUT4_O_I0_SB_LUT4_O_2_I2_SB_LUT4_O_I1_SB_LUT4_O_I0[18] budget 0.000000 ns (10,10) -> (10,10)
Info:                Sink processor.alu_main.Branch_Enable_SB_LUT4_O_I0_SB_LUT4_O_2_I2_SB_LUT4_O_I1_SB_LUT4_O_I3_SB_CARRY_CO_20$CARRY.CIN
Info:  0.3 31.4  Source processor.alu_main.Branch_Enable_SB_LUT4_O_I0_SB_LUT4_O_2_I2_SB_LUT4_O_I1_SB_LUT4_O_I3_SB_CARRY_CO_20$CARRY.COUT
Info:  0.0 31.4    Net processor.alu_main.Branch_Enable_SB_LUT4_O_I0_SB_LUT4_O_2_I2_SB_LUT4_O_I1_SB_LUT4_O_I0[19] budget 0.000000 ns (10,10) -> (10,10)
Info:                Sink processor.alu_main.Branch_Enable_SB_LUT4_O_I0_SB_LUT4_O_2_I2_SB_LUT4_O_I1_SB_LUT4_O_I3_SB_CARRY_CO_18$CARRY.CIN
Info:  0.3 31.7  Source processor.alu_main.Branch_Enable_SB_LUT4_O_I0_SB_LUT4_O_2_I2_SB_LUT4_O_I1_SB_LUT4_O_I3_SB_CARRY_CO_18$CARRY.COUT
Info:  0.0 31.7    Net processor.alu_main.Branch_Enable_SB_LUT4_O_I0_SB_LUT4_O_2_I2_SB_LUT4_O_I1_SB_LUT4_O_I0[20] budget 0.000000 ns (10,10) -> (10,10)
Info:                Sink processor.alu_main.Branch_Enable_SB_LUT4_O_I0_SB_LUT4_O_2_I2_SB_LUT4_O_I1_SB_LUT4_O_I3_SB_CARRY_CO_17$CARRY.CIN
Info:  0.3 32.0  Source processor.alu_main.Branch_Enable_SB_LUT4_O_I0_SB_LUT4_O_2_I2_SB_LUT4_O_I1_SB_LUT4_O_I3_SB_CARRY_CO_17$CARRY.COUT
Info:  0.0 32.0    Net processor.alu_main.Branch_Enable_SB_LUT4_O_I0_SB_LUT4_O_2_I2_SB_LUT4_O_I1_SB_LUT4_O_I0[21] budget 0.000000 ns (10,10) -> (10,10)
Info:                Sink processor.alu_main.Branch_Enable_SB_LUT4_O_I0_SB_LUT4_O_2_I2_SB_LUT4_O_I1_SB_LUT4_O_I3_SB_CARRY_CO_16$CARRY.CIN
Info:  0.3 32.2  Source processor.alu_main.Branch_Enable_SB_LUT4_O_I0_SB_LUT4_O_2_I2_SB_LUT4_O_I1_SB_LUT4_O_I3_SB_CARRY_CO_16$CARRY.COUT
Info:  0.0 32.2    Net processor.alu_main.Branch_Enable_SB_LUT4_O_I0_SB_LUT4_O_2_I2_SB_LUT4_O_I1_SB_LUT4_O_I0[22] budget 0.000000 ns (10,10) -> (10,10)
Info:                Sink processor.alu_main.Branch_Enable_SB_LUT4_O_I0_SB_LUT4_O_2_I2_SB_LUT4_O_I1_SB_LUT4_O_I3_SB_CARRY_CO_15$CARRY.CIN
Info:  0.3 32.5  Source processor.alu_main.Branch_Enable_SB_LUT4_O_I0_SB_LUT4_O_2_I2_SB_LUT4_O_I1_SB_LUT4_O_I3_SB_CARRY_CO_15$CARRY.COUT
Info:  0.6 33.1    Net processor.alu_main.Branch_Enable_SB_LUT4_O_I0_SB_LUT4_O_2_I2_SB_LUT4_O_I1_SB_LUT4_O_I0[23] budget 0.560000 ns (10,10) -> (10,11)
Info:                Sink processor.alu_main.Branch_Enable_SB_LUT4_O_I0_SB_LUT4_O_2_I2_SB_LUT4_O_I1_SB_LUT4_O_I3_SB_CARRY_CO_14$CARRY.CIN
Info:  0.3 33.3  Source processor.alu_main.Branch_Enable_SB_LUT4_O_I0_SB_LUT4_O_2_I2_SB_LUT4_O_I1_SB_LUT4_O_I3_SB_CARRY_CO_14$CARRY.COUT
Info:  0.0 33.3    Net processor.alu_main.Branch_Enable_SB_LUT4_O_I0_SB_LUT4_O_2_I2_SB_LUT4_O_I1_SB_LUT4_O_I0[24] budget 0.000000 ns (10,11) -> (10,11)
Info:                Sink processor.alu_main.Branch_Enable_SB_LUT4_O_I0_SB_LUT4_O_2_I2_SB_LUT4_O_I1_SB_LUT4_O_I3_SB_CARRY_CO_13$CARRY.CIN
Info:  0.3 33.6  Source processor.alu_main.Branch_Enable_SB_LUT4_O_I0_SB_LUT4_O_2_I2_SB_LUT4_O_I1_SB_LUT4_O_I3_SB_CARRY_CO_13$CARRY.COUT
Info:  0.0 33.6    Net processor.alu_main.Branch_Enable_SB_LUT4_O_I0_SB_LUT4_O_2_I2_SB_LUT4_O_I1_SB_LUT4_O_I0[25] budget 0.000000 ns (10,11) -> (10,11)
Info:                Sink processor.alu_main.Branch_Enable_SB_LUT4_O_I0_SB_LUT4_O_2_I2_SB_LUT4_O_I1_SB_LUT4_O_I3_SB_CARRY_CO_12$CARRY.CIN
Info:  0.3 33.9  Source processor.alu_main.Branch_Enable_SB_LUT4_O_I0_SB_LUT4_O_2_I2_SB_LUT4_O_I1_SB_LUT4_O_I3_SB_CARRY_CO_12$CARRY.COUT
Info:  0.0 33.9    Net processor.alu_main.Branch_Enable_SB_LUT4_O_I0_SB_LUT4_O_2_I2_SB_LUT4_O_I1_SB_LUT4_O_I0[26] budget 0.000000 ns (10,11) -> (10,11)
Info:                Sink processor.alu_main.Branch_Enable_SB_LUT4_O_I0_SB_LUT4_O_2_I2_SB_LUT4_O_I1_SB_LUT4_O_I3_SB_CARRY_CO_11$CARRY.CIN
Info:  0.3 34.2  Source processor.alu_main.Branch_Enable_SB_LUT4_O_I0_SB_LUT4_O_2_I2_SB_LUT4_O_I1_SB_LUT4_O_I3_SB_CARRY_CO_11$CARRY.COUT
Info:  0.0 34.2    Net processor.alu_main.Branch_Enable_SB_LUT4_O_I0_SB_LUT4_O_2_I2_SB_LUT4_O_I1_SB_LUT4_O_I0[27] budget 0.000000 ns (10,11) -> (10,11)
Info:                Sink processor.alu_main.Branch_Enable_SB_LUT4_O_I0_SB_LUT4_O_2_I2_SB_LUT4_O_I1_SB_LUT4_O_I3_SB_CARRY_CO_10$CARRY.CIN
Info:  0.3 34.5  Source processor.alu_main.Branch_Enable_SB_LUT4_O_I0_SB_LUT4_O_2_I2_SB_LUT4_O_I1_SB_LUT4_O_I3_SB_CARRY_CO_10$CARRY.COUT
Info:  0.0 34.5    Net processor.alu_main.Branch_Enable_SB_LUT4_O_I0_SB_LUT4_O_2_I2_SB_LUT4_O_I1_SB_LUT4_O_I0[28] budget 0.000000 ns (10,11) -> (10,11)
Info:                Sink processor.alu_main.Branch_Enable_SB_LUT4_O_I0_SB_LUT4_O_2_I2_SB_LUT4_O_I1_SB_LUT4_O_I3_SB_CARRY_CO_9$CARRY.CIN
Info:  0.3 34.7  Source processor.alu_main.Branch_Enable_SB_LUT4_O_I0_SB_LUT4_O_2_I2_SB_LUT4_O_I1_SB_LUT4_O_I3_SB_CARRY_CO_9$CARRY.COUT
Info:  0.0 34.7    Net processor.alu_main.Branch_Enable_SB_LUT4_O_I0_SB_LUT4_O_2_I2_SB_LUT4_O_I1_SB_LUT4_O_I0[29] budget 0.000000 ns (10,11) -> (10,11)
Info:                Sink processor.alu_main.Branch_Enable_SB_LUT4_O_I0_SB_LUT4_O_2_I2_SB_LUT4_O_I1_SB_LUT4_O_I3_SB_CARRY_CO_7$CARRY.CIN
Info:  0.3 35.0  Source processor.alu_main.Branch_Enable_SB_LUT4_O_I0_SB_LUT4_O_2_I2_SB_LUT4_O_I1_SB_LUT4_O_I3_SB_CARRY_CO_7$CARRY.COUT
Info:  0.0 35.0    Net processor.alu_main.Branch_Enable_SB_LUT4_O_I0_SB_LUT4_O_2_I2_SB_LUT4_O_I1_SB_LUT4_O_I0[30] budget 0.000000 ns (10,11) -> (10,11)
Info:                Sink processor.alu_main.Branch_Enable_SB_LUT4_O_I0_SB_LUT4_O_2_I2_SB_LUT4_O_I1_SB_LUT4_O_LC.CIN
Info:  0.3 35.3  Source processor.alu_main.Branch_Enable_SB_LUT4_O_I0_SB_LUT4_O_2_I2_SB_LUT4_O_I1_SB_LUT4_O_LC.COUT
Info:  1.2 36.5    Net $nextpnr_ICESTORM_LC_1$I3 budget 1.220000 ns (10,11) -> (10,12)
Info:                Sink $nextpnr_ICESTORM_LC_1.I3
Info:  0.9 37.4  Source $nextpnr_ICESTORM_LC_1.O
Info:  1.8 39.1    Net processor.alu_main.Branch_Enable_SB_LUT4_O_I0_SB_LUT4_O_2_I2_SB_LUT4_O_I1_SB_LUT4_O_I0[31] budget 27.660999 ns (10,12) -> (10,11)
Info:                Sink processor.alu_main.Branch_Enable_SB_LUT4_O_I0_SB_LUT4_O_2_I2_SB_LUT4_O_I1_SB_LUT4_O_LC.I0
Info:  1.3 40.4  Source processor.alu_main.Branch_Enable_SB_LUT4_O_I0_SB_LUT4_O_2_I2_SB_LUT4_O_I1_SB_LUT4_O_LC.O
Info:  4.1 44.6    Net processor.alu_main.Branch_Enable_SB_LUT4_O_I0_SB_LUT4_O_2_I2_SB_LUT4_O_I1[1] budget 3.459000 ns (10,11) -> (16,16)
Info:                Sink processor.alu_main.Branch_Enable_SB_LUT4_O_I0_SB_LUT4_O_2_I2_SB_LUT4_O_I1_SB_LUT4_I0_LC.I0
Info:  1.3 45.9  Source processor.alu_main.Branch_Enable_SB_LUT4_O_I0_SB_LUT4_O_2_I2_SB_LUT4_O_I1_SB_LUT4_I0_LC.O
Info:  1.8 47.6    Net processor.alu_main.Branch_Enable_SB_LUT4_O_I0_SB_LUT4_O_2_I2_SB_LUT4_O_I1_SB_LUT4_I0_O[0] budget 3.145000 ns (16,16) -> (17,16)
Info:                Sink processor.alu_main.ALUOut_SB_LUT4_O_22_I0_SB_LUT4_O_1_LC.I0
Info:  1.3 48.9  Source processor.alu_main.ALUOut_SB_LUT4_O_22_I0_SB_LUT4_O_1_LC.O
Info:  3.1 52.0    Net processor.alu_main.ALUOut_SB_LUT4_O_22_I0[1] budget 3.145000 ns (17,16) -> (16,12)
Info:                Sink processor.alu_main.ALUOut_SB_LUT4_O_22_LC.I1
Info:  1.2 53.2  Source processor.alu_main.ALUOut_SB_LUT4_O_22_LC.O
Info:  3.0 56.1    Net processor.alu_result[0] budget 3.145000 ns (16,12) -> (13,14)
Info:                Sink processor.alu_main.Branch_Enable_SB_LUT4_O_I0_SB_LUT4_O_I1_SB_LUT4_O_I1_SB_LUT4_O_2_LC.I0
Info:  1.3 57.4  Source processor.alu_main.Branch_Enable_SB_LUT4_O_I0_SB_LUT4_O_I1_SB_LUT4_O_I1_SB_LUT4_O_2_LC.O
Info:  1.8 59.2    Net processor.alu_main.Branch_Enable_SB_LUT4_O_I0_SB_LUT4_O_I1_SB_LUT4_O_I1[0] budget 3.145000 ns (13,14) -> (13,14)
Info:                Sink processor.alu_main.Branch_Enable_SB_LUT4_O_I0_SB_LUT4_O_I1_SB_LUT4_O_LC.I1
Info:  1.2 60.4  Source processor.alu_main.Branch_Enable_SB_LUT4_O_I0_SB_LUT4_O_I1_SB_LUT4_O_LC.O
Info:  2.4 62.8    Net processor.alu_main.Branch_Enable_SB_LUT4_O_I0_SB_LUT4_O_I1[2] budget 3.144000 ns (13,14) -> (13,17)
Info:                Sink processor.alu_main.Branch_Enable_SB_LUT4_O_I0_SB_LUT4_O_LC.I3
Info:  0.9 63.7  Source processor.alu_main.Branch_Enable_SB_LUT4_O_I0_SB_LUT4_O_LC.O
Info:  2.4 66.1    Net processor.alu_main.Branch_Enable_SB_LUT4_O_I0[2] budget 3.144000 ns (13,17) -> (13,20)
Info:                Sink processor.alu_main.Branch_Enable_SB_LUT4_O_LC.I2
Info:  1.2 67.3  Setup processor.alu_main.Branch_Enable_SB_LUT4_O_LC.I2
Info: 26.3 ns logic, 41.0 ns routing

Info: Critical path report for cross-domain path 'posedge clk_proc_$glb_clk' -> 'posedge clk':
Info: curr total
Info:  1.4  1.4  Source processor.ex_mem_reg.data_out_SB_DFF_Q_14_DFFLC.O
Info:  3.7  5.1    Net processor.ex_mem_out[140] budget 0.000000 ns (2,6) -> (3,15)
Info:                Sink processor.forwarding_unit.MEM_RegWrite_SB_LUT4_I3_I0_SB_LUT4_O_I3_SB_LUT4_O_LC.I1
Info:  1.2  6.3  Source processor.forwarding_unit.MEM_RegWrite_SB_LUT4_I3_I0_SB_LUT4_O_I3_SB_LUT4_O_LC.O
Info:  1.8  8.1    Net processor.forwarding_unit.MEM_RegWrite_SB_LUT4_I3_I0_SB_LUT4_O_I3[2] budget 0.000000 ns (3,15) -> (3,15)
Info:                Sink processor.forwarding_unit.MEM_RegWrite_SB_LUT4_I3_I0_SB_LUT4_O_LC.I3
Info:  0.9  9.0  Source processor.forwarding_unit.MEM_RegWrite_SB_LUT4_I3_I0_SB_LUT4_O_LC.O
Info:  1.8 10.7    Net processor.forwarding_unit.MEM_RegWrite_SB_LUT4_I2_O[0] budget 0.000000 ns (3,15) -> (3,14)
Info:                Sink processor.forwarding_unit.MEM_RegWrite_SB_LUT4_I2_O_SB_LUT4_I3_LC.I0
Info:  1.3 12.0  Source processor.forwarding_unit.MEM_RegWrite_SB_LUT4_I2_O_SB_LUT4_I3_LC.O
Info:  1.8 13.8    Net processor.forwarding_unit.MEM_CSRR_SB_LUT4_I3_O_SB_LUT4_I3_O[3] budget 0.000000 ns (3,14) -> (3,13)
Info:                Sink processor.forwarding_unit.MEM_fwd2_SB_LUT4_O_LC.I3
Info:  0.9 14.6  Source processor.forwarding_unit.MEM_fwd2_SB_LUT4_O_LC.O
Info:  4.2 18.9    Net processor.mfwd2 budget 0.000000 ns (3,13) -> (8,3)
Info:                Sink processor.mem_fwd2_mux.out_SB_LUT4_O_29_LC.I3
Info:  0.9 19.8  Source processor.mem_fwd2_mux.out_SB_LUT4_O_29_LC.O
Info:  1.8 21.5    Net processor.mem_fwd2_mux_out[2] budget 0.000000 ns (8,3) -> (8,3)
Info:                Sink processor.wb_fwd2_mux.out_SB_LUT4_O_29_LC.I1
Info:  1.2 22.8  Source processor.wb_fwd2_mux.out_SB_LUT4_O_29_LC.O
Info:  4.8 27.5    Net data_WrData[2] budget 0.000000 ns (8,3) -> (15,14)
Info:                Sink processor.alu_mux.out_SB_LUT4_O_29_LC.I1
Info:  1.2 28.8  Source processor.alu_mux.out_SB_LUT4_O_29_LC.O
Info:  4.1 32.9    Net processor.alu_mux_out[2] budget 0.000000 ns (15,14) -> (9,9)
Info:                Sink processor.alu_main.ALUOut_SB_LUT4_O_12_I0_SB_LUT4_O_I1_SB_LUT4_O_I2_SB_LUT4_O_29_LC.I3
Info:  0.9 33.8  Source processor.alu_main.ALUOut_SB_LUT4_O_12_I0_SB_LUT4_O_I1_SB_LUT4_O_I2_SB_LUT4_O_29_LC.O
Info:  1.8 35.6    Net processor.alu_main.ALUOut_SB_LUT4_O_12_I0_SB_LUT4_O_I1_SB_LUT4_O_I2[2] budget 0.000000 ns (9,9) -> (10,8)
Info:                Sink processor.alu_main.Branch_Enable_SB_LUT4_O_I0_SB_LUT4_O_2_I2_SB_LUT4_O_I1_SB_LUT4_O_I3_SB_CARRY_CO_8$CARRY.I2
Info:  0.6 36.2  Source processor.alu_main.Branch_Enable_SB_LUT4_O_I0_SB_LUT4_O_2_I2_SB_LUT4_O_I1_SB_LUT4_O_I3_SB_CARRY_CO_8$CARRY.COUT
Info:  0.0 36.2    Net processor.alu_main.Branch_Enable_SB_LUT4_O_I0_SB_LUT4_O_2_I2_SB_LUT4_O_I1_SB_LUT4_O_I0[2] budget 0.000000 ns (10,8) -> (10,8)
Info:                Sink processor.alu_main.Branch_Enable_SB_LUT4_O_I0_SB_LUT4_O_2_I2_SB_LUT4_O_I1_SB_LUT4_O_I3_SB_CARRY_CO_6$CARRY.CIN
Info:  0.3 36.4  Source processor.alu_main.Branch_Enable_SB_LUT4_O_I0_SB_LUT4_O_2_I2_SB_LUT4_O_I1_SB_LUT4_O_I3_SB_CARRY_CO_6$CARRY.COUT
Info:  0.0 36.4    Net processor.alu_main.Branch_Enable_SB_LUT4_O_I0_SB_LUT4_O_2_I2_SB_LUT4_O_I1_SB_LUT4_O_I0[3] budget 0.000000 ns (10,8) -> (10,8)
Info:                Sink processor.alu_main.Branch_Enable_SB_LUT4_O_I0_SB_LUT4_O_2_I2_SB_LUT4_O_I1_SB_LUT4_O_I3_SB_CARRY_CO_5$CARRY.CIN
Info:  0.3 36.7  Source processor.alu_main.Branch_Enable_SB_LUT4_O_I0_SB_LUT4_O_2_I2_SB_LUT4_O_I1_SB_LUT4_O_I3_SB_CARRY_CO_5$CARRY.COUT
Info:  0.0 36.7    Net processor.alu_main.Branch_Enable_SB_LUT4_O_I0_SB_LUT4_O_2_I2_SB_LUT4_O_I1_SB_LUT4_O_I0[4] budget 0.000000 ns (10,8) -> (10,8)
Info:                Sink processor.alu_main.Branch_Enable_SB_LUT4_O_I0_SB_LUT4_O_2_I2_SB_LUT4_O_I1_SB_LUT4_O_I3_SB_CARRY_CO_4$CARRY.CIN
Info:  0.3 37.0  Source processor.alu_main.Branch_Enable_SB_LUT4_O_I0_SB_LUT4_O_2_I2_SB_LUT4_O_I1_SB_LUT4_O_I3_SB_CARRY_CO_4$CARRY.COUT
Info:  0.0 37.0    Net processor.alu_main.Branch_Enable_SB_LUT4_O_I0_SB_LUT4_O_2_I2_SB_LUT4_O_I1_SB_LUT4_O_I0[5] budget 0.000000 ns (10,8) -> (10,8)
Info:                Sink processor.alu_main.Branch_Enable_SB_LUT4_O_I0_SB_LUT4_O_2_I2_SB_LUT4_O_I1_SB_LUT4_O_I3_SB_CARRY_CO_3$CARRY.CIN
Info:  0.3 37.3  Source processor.alu_main.Branch_Enable_SB_LUT4_O_I0_SB_LUT4_O_2_I2_SB_LUT4_O_I1_SB_LUT4_O_I3_SB_CARRY_CO_3$CARRY.COUT
Info:  0.0 37.3    Net processor.alu_main.Branch_Enable_SB_LUT4_O_I0_SB_LUT4_O_2_I2_SB_LUT4_O_I1_SB_LUT4_O_I0[6] budget 0.000000 ns (10,8) -> (10,8)
Info:                Sink processor.alu_main.Branch_Enable_SB_LUT4_O_I0_SB_LUT4_O_2_I2_SB_LUT4_O_I1_SB_LUT4_O_I3_SB_CARRY_CO_2$CARRY.CIN
Info:  0.3 37.6  Source processor.alu_main.Branch_Enable_SB_LUT4_O_I0_SB_LUT4_O_2_I2_SB_LUT4_O_I1_SB_LUT4_O_I3_SB_CARRY_CO_2$CARRY.COUT
Info:  0.6 38.1    Net processor.alu_main.Branch_Enable_SB_LUT4_O_I0_SB_LUT4_O_2_I2_SB_LUT4_O_I1_SB_LUT4_O_I0[7] budget 0.560000 ns (10,8) -> (10,9)
Info:                Sink processor.alu_main.Branch_Enable_SB_LUT4_O_I0_SB_LUT4_O_2_I2_SB_LUT4_O_I1_SB_LUT4_O_I3_SB_CARRY_CO_1$CARRY.CIN
Info:  0.3 38.4  Source processor.alu_main.Branch_Enable_SB_LUT4_O_I0_SB_LUT4_O_2_I2_SB_LUT4_O_I1_SB_LUT4_O_I3_SB_CARRY_CO_1$CARRY.COUT
Info:  0.0 38.4    Net processor.alu_main.Branch_Enable_SB_LUT4_O_I0_SB_LUT4_O_2_I2_SB_LUT4_O_I1_SB_LUT4_O_I0[8] budget 0.000000 ns (10,9) -> (10,9)
Info:                Sink processor.alu_main.Branch_Enable_SB_LUT4_O_I0_SB_LUT4_O_2_I2_SB_LUT4_O_I1_SB_LUT4_O_I3_SB_CARRY_CO$CARRY.CIN
Info:  0.3 38.7  Source processor.alu_main.Branch_Enable_SB_LUT4_O_I0_SB_LUT4_O_2_I2_SB_LUT4_O_I1_SB_LUT4_O_I3_SB_CARRY_CO$CARRY.COUT
Info:  0.0 38.7    Net processor.alu_main.Branch_Enable_SB_LUT4_O_I0_SB_LUT4_O_2_I2_SB_LUT4_O_I1_SB_LUT4_O_I0[9] budget 0.000000 ns (10,9) -> (10,9)
Info:                Sink processor.alu_main.Branch_Enable_SB_LUT4_O_I0_SB_LUT4_O_2_I2_SB_LUT4_O_I1_SB_LUT4_O_I3_SB_CARRY_CO_29$CARRY.CIN
Info:  0.3 38.9  Source processor.alu_main.Branch_Enable_SB_LUT4_O_I0_SB_LUT4_O_2_I2_SB_LUT4_O_I1_SB_LUT4_O_I3_SB_CARRY_CO_29$CARRY.COUT
Info:  0.0 38.9    Net processor.alu_main.Branch_Enable_SB_LUT4_O_I0_SB_LUT4_O_2_I2_SB_LUT4_O_I1_SB_LUT4_O_I0[10] budget 0.000000 ns (10,9) -> (10,9)
Info:                Sink processor.alu_main.Branch_Enable_SB_LUT4_O_I0_SB_LUT4_O_2_I2_SB_LUT4_O_I1_SB_LUT4_O_I3_SB_CARRY_CO_28$CARRY.CIN
Info:  0.3 39.2  Source processor.alu_main.Branch_Enable_SB_LUT4_O_I0_SB_LUT4_O_2_I2_SB_LUT4_O_I1_SB_LUT4_O_I3_SB_CARRY_CO_28$CARRY.COUT
Info:  0.0 39.2    Net processor.alu_main.Branch_Enable_SB_LUT4_O_I0_SB_LUT4_O_2_I2_SB_LUT4_O_I1_SB_LUT4_O_I0[11] budget 0.000000 ns (10,9) -> (10,9)
Info:                Sink processor.alu_main.Branch_Enable_SB_LUT4_O_I0_SB_LUT4_O_2_I2_SB_LUT4_O_I1_SB_LUT4_O_I3_SB_CARRY_CO_27$CARRY.CIN
Info:  0.3 39.5  Source processor.alu_main.Branch_Enable_SB_LUT4_O_I0_SB_LUT4_O_2_I2_SB_LUT4_O_I1_SB_LUT4_O_I3_SB_CARRY_CO_27$CARRY.COUT
Info:  0.0 39.5    Net processor.alu_main.Branch_Enable_SB_LUT4_O_I0_SB_LUT4_O_2_I2_SB_LUT4_O_I1_SB_LUT4_O_I0[12] budget 0.000000 ns (10,9) -> (10,9)
Info:                Sink processor.alu_main.Branch_Enable_SB_LUT4_O_I0_SB_LUT4_O_2_I2_SB_LUT4_O_I1_SB_LUT4_O_I3_SB_CARRY_CO_26$CARRY.CIN
Info:  0.3 39.8  Source processor.alu_main.Branch_Enable_SB_LUT4_O_I0_SB_LUT4_O_2_I2_SB_LUT4_O_I1_SB_LUT4_O_I3_SB_CARRY_CO_26$CARRY.COUT
Info:  0.0 39.8    Net processor.alu_main.Branch_Enable_SB_LUT4_O_I0_SB_LUT4_O_2_I2_SB_LUT4_O_I1_SB_LUT4_O_I0[13] budget 0.000000 ns (10,9) -> (10,9)
Info:                Sink processor.alu_main.Branch_Enable_SB_LUT4_O_I0_SB_LUT4_O_2_I2_SB_LUT4_O_I1_SB_LUT4_O_I3_SB_CARRY_CO_25$CARRY.CIN
Info:  0.3 40.1  Source processor.alu_main.Branch_Enable_SB_LUT4_O_I0_SB_LUT4_O_2_I2_SB_LUT4_O_I1_SB_LUT4_O_I3_SB_CARRY_CO_25$CARRY.COUT
Info:  0.0 40.1    Net processor.alu_main.Branch_Enable_SB_LUT4_O_I0_SB_LUT4_O_2_I2_SB_LUT4_O_I1_SB_LUT4_O_I0[14] budget 0.000000 ns (10,9) -> (10,9)
Info:                Sink processor.alu_main.Branch_Enable_SB_LUT4_O_I0_SB_LUT4_O_2_I2_SB_LUT4_O_I1_SB_LUT4_O_I3_SB_CARRY_CO_24$CARRY.CIN
Info:  0.3 40.3  Source processor.alu_main.Branch_Enable_SB_LUT4_O_I0_SB_LUT4_O_2_I2_SB_LUT4_O_I1_SB_LUT4_O_I3_SB_CARRY_CO_24$CARRY.COUT
Info:  0.6 40.9    Net processor.alu_main.Branch_Enable_SB_LUT4_O_I0_SB_LUT4_O_2_I2_SB_LUT4_O_I1_SB_LUT4_O_I0[15] budget 0.560000 ns (10,9) -> (10,10)
Info:                Sink processor.alu_main.Branch_Enable_SB_LUT4_O_I0_SB_LUT4_O_2_I2_SB_LUT4_O_I1_SB_LUT4_O_I3_SB_CARRY_CO_23$CARRY.CIN
Info:  0.3 41.2  Source processor.alu_main.Branch_Enable_SB_LUT4_O_I0_SB_LUT4_O_2_I2_SB_LUT4_O_I1_SB_LUT4_O_I3_SB_CARRY_CO_23$CARRY.COUT
Info:  0.0 41.2    Net processor.alu_main.Branch_Enable_SB_LUT4_O_I0_SB_LUT4_O_2_I2_SB_LUT4_O_I1_SB_LUT4_O_I0[16] budget 0.000000 ns (10,10) -> (10,10)
Info:                Sink processor.alu_main.Branch_Enable_SB_LUT4_O_I0_SB_LUT4_O_2_I2_SB_LUT4_O_I1_SB_LUT4_O_I3_SB_CARRY_CO_22$CARRY.CIN
Info:  0.3 41.4  Source processor.alu_main.Branch_Enable_SB_LUT4_O_I0_SB_LUT4_O_2_I2_SB_LUT4_O_I1_SB_LUT4_O_I3_SB_CARRY_CO_22$CARRY.COUT
Info:  0.0 41.4    Net processor.alu_main.Branch_Enable_SB_LUT4_O_I0_SB_LUT4_O_2_I2_SB_LUT4_O_I1_SB_LUT4_O_I0[17] budget 0.000000 ns (10,10) -> (10,10)
Info:                Sink processor.alu_main.Branch_Enable_SB_LUT4_O_I0_SB_LUT4_O_2_I2_SB_LUT4_O_I1_SB_LUT4_O_I3_SB_CARRY_CO_21$CARRY.CIN
Info:  0.3 41.7  Source processor.alu_main.Branch_Enable_SB_LUT4_O_I0_SB_LUT4_O_2_I2_SB_LUT4_O_I1_SB_LUT4_O_I3_SB_CARRY_CO_21$CARRY.COUT
Info:  0.0 41.7    Net processor.alu_main.Branch_Enable_SB_LUT4_O_I0_SB_LUT4_O_2_I2_SB_LUT4_O_I1_SB_LUT4_O_I0[18] budget 0.000000 ns (10,10) -> (10,10)
Info:                Sink processor.alu_main.Branch_Enable_SB_LUT4_O_I0_SB_LUT4_O_2_I2_SB_LUT4_O_I1_SB_LUT4_O_I3_SB_CARRY_CO_20$CARRY.CIN
Info:  0.3 42.0  Source processor.alu_main.Branch_Enable_SB_LUT4_O_I0_SB_LUT4_O_2_I2_SB_LUT4_O_I1_SB_LUT4_O_I3_SB_CARRY_CO_20$CARRY.COUT
Info:  0.0 42.0    Net processor.alu_main.Branch_Enable_SB_LUT4_O_I0_SB_LUT4_O_2_I2_SB_LUT4_O_I1_SB_LUT4_O_I0[19] budget 0.000000 ns (10,10) -> (10,10)
Info:                Sink processor.alu_main.Branch_Enable_SB_LUT4_O_I0_SB_LUT4_O_2_I2_SB_LUT4_O_I1_SB_LUT4_O_I3_SB_CARRY_CO_18$CARRY.CIN
Info:  0.3 42.3  Source processor.alu_main.Branch_Enable_SB_LUT4_O_I0_SB_LUT4_O_2_I2_SB_LUT4_O_I1_SB_LUT4_O_I3_SB_CARRY_CO_18$CARRY.COUT
Info:  0.0 42.3    Net processor.alu_main.Branch_Enable_SB_LUT4_O_I0_SB_LUT4_O_2_I2_SB_LUT4_O_I1_SB_LUT4_O_I0[20] budget 0.000000 ns (10,10) -> (10,10)
Info:                Sink processor.alu_main.Branch_Enable_SB_LUT4_O_I0_SB_LUT4_O_2_I2_SB_LUT4_O_I1_SB_LUT4_O_I3_SB_CARRY_CO_17$CARRY.CIN
Info:  0.3 42.6  Source processor.alu_main.Branch_Enable_SB_LUT4_O_I0_SB_LUT4_O_2_I2_SB_LUT4_O_I1_SB_LUT4_O_I3_SB_CARRY_CO_17$CARRY.COUT
Info:  0.0 42.6    Net processor.alu_main.Branch_Enable_SB_LUT4_O_I0_SB_LUT4_O_2_I2_SB_LUT4_O_I1_SB_LUT4_O_I0[21] budget 0.000000 ns (10,10) -> (10,10)
Info:                Sink processor.alu_main.Branch_Enable_SB_LUT4_O_I0_SB_LUT4_O_2_I2_SB_LUT4_O_I1_SB_LUT4_O_I3_SB_CARRY_CO_16$CARRY.CIN
Info:  0.3 42.8  Source processor.alu_main.Branch_Enable_SB_LUT4_O_I0_SB_LUT4_O_2_I2_SB_LUT4_O_I1_SB_LUT4_O_I3_SB_CARRY_CO_16$CARRY.COUT
Info:  0.0 42.8    Net processor.alu_main.Branch_Enable_SB_LUT4_O_I0_SB_LUT4_O_2_I2_SB_LUT4_O_I1_SB_LUT4_O_I0[22] budget 0.000000 ns (10,10) -> (10,10)
Info:                Sink processor.alu_main.Branch_Enable_SB_LUT4_O_I0_SB_LUT4_O_2_I2_SB_LUT4_O_I1_SB_LUT4_O_I3_SB_CARRY_CO_15$CARRY.CIN
Info:  0.3 43.1  Source processor.alu_main.Branch_Enable_SB_LUT4_O_I0_SB_LUT4_O_2_I2_SB_LUT4_O_I1_SB_LUT4_O_I3_SB_CARRY_CO_15$CARRY.COUT
Info:  0.6 43.7    Net processor.alu_main.Branch_Enable_SB_LUT4_O_I0_SB_LUT4_O_2_I2_SB_LUT4_O_I1_SB_LUT4_O_I0[23] budget 0.560000 ns (10,10) -> (10,11)
Info:                Sink processor.alu_main.Branch_Enable_SB_LUT4_O_I0_SB_LUT4_O_2_I2_SB_LUT4_O_I1_SB_LUT4_O_I3_SB_CARRY_CO_14$CARRY.CIN
Info:  0.3 43.9  Source processor.alu_main.Branch_Enable_SB_LUT4_O_I0_SB_LUT4_O_2_I2_SB_LUT4_O_I1_SB_LUT4_O_I3_SB_CARRY_CO_14$CARRY.COUT
Info:  0.0 43.9    Net processor.alu_main.Branch_Enable_SB_LUT4_O_I0_SB_LUT4_O_2_I2_SB_LUT4_O_I1_SB_LUT4_O_I0[24] budget 0.000000 ns (10,11) -> (10,11)
Info:                Sink processor.alu_main.Branch_Enable_SB_LUT4_O_I0_SB_LUT4_O_2_I2_SB_LUT4_O_I1_SB_LUT4_O_I3_SB_CARRY_CO_13$CARRY.CIN
Info:  0.3 44.2  Source processor.alu_main.Branch_Enable_SB_LUT4_O_I0_SB_LUT4_O_2_I2_SB_LUT4_O_I1_SB_LUT4_O_I3_SB_CARRY_CO_13$CARRY.COUT
Info:  0.0 44.2    Net processor.alu_main.Branch_Enable_SB_LUT4_O_I0_SB_LUT4_O_2_I2_SB_LUT4_O_I1_SB_LUT4_O_I0[25] budget 0.000000 ns (10,11) -> (10,11)
Info:                Sink processor.alu_main.Branch_Enable_SB_LUT4_O_I0_SB_LUT4_O_2_I2_SB_LUT4_O_I1_SB_LUT4_O_I3_SB_CARRY_CO_12$CARRY.CIN
Info:  0.3 44.5  Source processor.alu_main.Branch_Enable_SB_LUT4_O_I0_SB_LUT4_O_2_I2_SB_LUT4_O_I1_SB_LUT4_O_I3_SB_CARRY_CO_12$CARRY.COUT
Info:  0.0 44.5    Net processor.alu_main.Branch_Enable_SB_LUT4_O_I0_SB_LUT4_O_2_I2_SB_LUT4_O_I1_SB_LUT4_O_I0[26] budget 0.000000 ns (10,11) -> (10,11)
Info:                Sink processor.alu_main.Branch_Enable_SB_LUT4_O_I0_SB_LUT4_O_2_I2_SB_LUT4_O_I1_SB_LUT4_O_I3_SB_CARRY_CO_11$CARRY.CIN
Info:  0.3 44.8  Source processor.alu_main.Branch_Enable_SB_LUT4_O_I0_SB_LUT4_O_2_I2_SB_LUT4_O_I1_SB_LUT4_O_I3_SB_CARRY_CO_11$CARRY.COUT
Info:  0.0 44.8    Net processor.alu_main.Branch_Enable_SB_LUT4_O_I0_SB_LUT4_O_2_I2_SB_LUT4_O_I1_SB_LUT4_O_I0[27] budget 0.000000 ns (10,11) -> (10,11)
Info:                Sink processor.alu_main.Branch_Enable_SB_LUT4_O_I0_SB_LUT4_O_2_I2_SB_LUT4_O_I1_SB_LUT4_O_I3_SB_CARRY_CO_10$CARRY.CIN
Info:  0.3 45.1  Source processor.alu_main.Branch_Enable_SB_LUT4_O_I0_SB_LUT4_O_2_I2_SB_LUT4_O_I1_SB_LUT4_O_I3_SB_CARRY_CO_10$CARRY.COUT
Info:  0.0 45.1    Net processor.alu_main.Branch_Enable_SB_LUT4_O_I0_SB_LUT4_O_2_I2_SB_LUT4_O_I1_SB_LUT4_O_I0[28] budget 0.000000 ns (10,11) -> (10,11)
Info:                Sink processor.alu_main.Branch_Enable_SB_LUT4_O_I0_SB_LUT4_O_2_I2_SB_LUT4_O_I1_SB_LUT4_O_I3_SB_CARRY_CO_9$CARRY.CIN
Info:  0.3 45.3  Source processor.alu_main.Branch_Enable_SB_LUT4_O_I0_SB_LUT4_O_2_I2_SB_LUT4_O_I1_SB_LUT4_O_I3_SB_CARRY_CO_9$CARRY.COUT
Info:  0.0 45.3    Net processor.alu_main.Branch_Enable_SB_LUT4_O_I0_SB_LUT4_O_2_I2_SB_LUT4_O_I1_SB_LUT4_O_I0[29] budget 0.000000 ns (10,11) -> (10,11)
Info:                Sink processor.alu_main.Branch_Enable_SB_LUT4_O_I0_SB_LUT4_O_2_I2_SB_LUT4_O_I1_SB_LUT4_O_I3_SB_CARRY_CO_7$CARRY.CIN
Info:  0.3 45.6  Source processor.alu_main.Branch_Enable_SB_LUT4_O_I0_SB_LUT4_O_2_I2_SB_LUT4_O_I1_SB_LUT4_O_I3_SB_CARRY_CO_7$CARRY.COUT
Info:  0.0 45.6    Net processor.alu_main.Branch_Enable_SB_LUT4_O_I0_SB_LUT4_O_2_I2_SB_LUT4_O_I1_SB_LUT4_O_I0[30] budget 0.000000 ns (10,11) -> (10,11)
Info:                Sink processor.alu_main.Branch_Enable_SB_LUT4_O_I0_SB_LUT4_O_2_I2_SB_LUT4_O_I1_SB_LUT4_O_LC.CIN
Info:  0.3 45.9  Source processor.alu_main.Branch_Enable_SB_LUT4_O_I0_SB_LUT4_O_2_I2_SB_LUT4_O_I1_SB_LUT4_O_LC.COUT
Info:  1.2 47.1    Net $nextpnr_ICESTORM_LC_1$I3 budget 1.220000 ns (10,11) -> (10,12)
Info:                Sink $nextpnr_ICESTORM_LC_1.I3
Info:  0.9 48.0  Source $nextpnr_ICESTORM_LC_1.O
Info:  1.8 49.7    Net processor.alu_main.Branch_Enable_SB_LUT4_O_I0_SB_LUT4_O_2_I2_SB_LUT4_O_I1_SB_LUT4_O_I0[31] budget 27.660999 ns (10,12) -> (10,11)
Info:                Sink processor.alu_main.Branch_Enable_SB_LUT4_O_I0_SB_LUT4_O_2_I2_SB_LUT4_O_I1_SB_LUT4_O_LC.I0
Info:  1.3 51.0  Source processor.alu_main.Branch_Enable_SB_LUT4_O_I0_SB_LUT4_O_2_I2_SB_LUT4_O_I1_SB_LUT4_O_LC.O
Info:  4.1 55.2    Net processor.alu_main.Branch_Enable_SB_LUT4_O_I0_SB_LUT4_O_2_I2_SB_LUT4_O_I1[1] budget 3.459000 ns (10,11) -> (16,16)
Info:                Sink processor.alu_main.Branch_Enable_SB_LUT4_O_I0_SB_LUT4_O_2_I2_SB_LUT4_O_I1_SB_LUT4_I0_LC.I0
Info:  1.3 56.5  Source processor.alu_main.Branch_Enable_SB_LUT4_O_I0_SB_LUT4_O_2_I2_SB_LUT4_O_I1_SB_LUT4_I0_LC.O
Info:  1.8 58.2    Net processor.alu_main.Branch_Enable_SB_LUT4_O_I0_SB_LUT4_O_2_I2_SB_LUT4_O_I1_SB_LUT4_I0_O[0] budget 3.145000 ns (16,16) -> (17,16)
Info:                Sink processor.alu_main.ALUOut_SB_LUT4_O_22_I0_SB_LUT4_O_1_LC.I0
Info:  1.3 59.5  Source processor.alu_main.ALUOut_SB_LUT4_O_22_I0_SB_LUT4_O_1_LC.O
Info:  3.1 62.6    Net processor.alu_main.ALUOut_SB_LUT4_O_22_I0[1] budget 3.145000 ns (17,16) -> (16,12)
Info:                Sink processor.alu_main.ALUOut_SB_LUT4_O_22_LC.I1
Info:  1.2 63.8  Source processor.alu_main.ALUOut_SB_LUT4_O_22_LC.O
Info:  2.3 66.1    Net processor.alu_result[0] budget 3.704000 ns (16,12) -> (13,12)
Info:                Sink processor.lui_mux.out_SB_LUT4_O_31_LC.I2
Info:  1.2 67.3  Source processor.lui_mux.out_SB_LUT4_O_31_LC.O
Info:  3.6 70.9    Net data_addr[0] budget 5.246000 ns (13,12) -> (11,7)
Info:                Sink data_mem_inst.memwrite_SB_LUT4_I3_O_SB_LUT4_O_2_LC.I0
Info:  1.3 72.2  Source data_mem_inst.memwrite_SB_LUT4_I3_O_SB_LUT4_O_2_LC.O
Info:  3.7 75.9    Net data_mem_inst.memwrite_SB_LUT4_I3_O[0] budget 4.629000 ns (11,7) -> (11,18)
Info:                Sink data_mem_inst.memwrite_SB_LUT4_I3_O_SB_LUT4_I0_LC.I0
Info:  1.3 77.2  Source data_mem_inst.memwrite_SB_LUT4_I3_O_SB_LUT4_I0_LC.O
Info:  6.1 83.3    Net data_mem_inst.led_reg_SB_DFFE_Q_E budget 7.235000 ns (11,18) -> (4,2)
Info:                Sink data_mem_inst.led_reg_SB_DFFE_Q_1_DFFLC.CEN
Info:  0.1 83.4  Setup data_mem_inst.led_reg_SB_DFFE_Q_1_DFFLC.CEN
Info: 28.4 ns logic, 55.0 ns routing

Info: Max frequency for clock               'clk': 13.74 MHz (PASS at 6.00 MHz)
Info: Max frequency for clock 'clk_proc_$glb_clk': 12.84 MHz (PASS at 12.00 MHz)

Info: Max delay posedge clk               -> <async>                  : 7.58 ns
Info: Max delay posedge clk               -> posedge clk_proc_$glb_clk: 67.26 ns
Info: Max delay posedge clk_proc_$glb_clk -> posedge clk              : 83.40 ns

Info: Slack histogram:
Info:  legend: * represents 7 endpoint(s)
Info:          + represents [1,7) endpoint(s)
Info: [  5467,  13365) |+
Info: [ 13365,  21263) |*+
Info: [ 21263,  29161) |***+
Info: [ 29161,  37059) |***+
Info: [ 37059,  44957) |**+
Info: [ 44957,  52855) |*******************+
Info: [ 52855,  60753) |****************+
Info: [ 60753,  68651) |********************************************+
Info: [ 68651,  76549) |*******************************************+
Info: [ 76549,  84447) |************************************************************ 
Info: [ 84447,  92345) |+
Info: [ 92345, 100243) |*+
Info: [100243, 108141) |+
Info: [108141, 116039) |+
Info: [116039, 123937) |*+
Info: [123937, 131835) | 
Info: [131835, 139733) |*+
Info: [139733, 147631) |****+
Info: [147631, 155529) |***********************+
Info: [155529, 163427) |**********************************+

Info: Program finished normally.
